{"/workspaces/n8n-nodes-ovhcloud/nodes/OvhCloud/OvhCloud.node.ts": {"path":"/workspaces/n8n-nodes-ovhcloud/nodes/OvhCloud/OvhCloud.node.ts","statementMap":{"0":{"start":{"line":1,"column":0},"end":{"line":1,"column":null}},"1":{"start":{"line":9,"column":0},"end":{"line":9,"column":82}},"2":{"start":{"line":10,"column":0},"end":{"line":10,"column":81}},"3":{"start":{"line":11,"column":0},"end":{"line":11,"column":88}},"4":{"start":{"line":12,"column":0},"end":{"line":12,"column":null}},"5":{"start":{"line":16,"column":0},"end":{"line":16,"column":97}},"6":{"start":{"line":17,"column":0},"end":{"line":17,"column":91}},"7":{"start":{"line":18,"column":0},"end":{"line":18,"column":100}},"8":{"start":{"line":19,"column":0},"end":{"line":19,"column":null}},"9":{"start":{"line":23,"column":0},"end":{"line":23,"column":null}},"10":{"start":{"line":27,"column":0},"end":{"line":27,"column":88}},"11":{"start":{"line":28,"column":0},"end":{"line":28,"column":97}},"12":{"start":{"line":29,"column":0},"end":{"line":29,"column":91}},"13":{"start":{"line":30,"column":0},"end":{"line":30,"column":91}},"14":{"start":{"line":31,"column":0},"end":{"line":31,"column":null}},"15":{"start":{"line":35,"column":0},"end":{"line":35,"column":null}},"16":{"start":{"line":39,"column":0},"end":{"line":39,"column":97}},"17":{"start":{"line":71,"column":1},"end":{"line":189,"column":3}},"18":{"start":{"line":192,"column":1},"end":{"line":203,"column":3}},"19":{"start":{"line":215,"column":19},"end":{"line":215,"column":55}},"20":{"start":{"line":219,"column":2},"end":{"line":266,"column":3}},"21":{"start":{"line":221,"column":4},"end":{"line":221,"column":46}},"22":{"start":{"line":222,"column":4},"end":{"line":222,"column":10}},"23":{"start":{"line":224,"column":4},"end":{"line":224,"column":52}},"24":{"start":{"line":225,"column":4},"end":{"line":225,"column":10}},"25":{"start":{"line":227,"column":4},"end":{"line":227,"column":49}},"26":{"start":{"line":228,"column":4},"end":{"line":228,"column":10}},"27":{"start":{"line":230,"column":4},"end":{"line":230,"column":47}},"28":{"start":{"line":231,"column":4},"end":{"line":231,"column":10}},"29":{"start":{"line":233,"column":4},"end":{"line":233,"column":50}},"30":{"start":{"line":234,"column":4},"end":{"line":234,"column":10}},"31":{"start":{"line":236,"column":4},"end":{"line":236,"column":53}},"32":{"start":{"line":237,"column":4},"end":{"line":237,"column":10}},"33":{"start":{"line":239,"column":4},"end":{"line":239,"column":59}},"34":{"start":{"line":240,"column":4},"end":{"line":240,"column":10}},"35":{"start":{"line":242,"column":4},"end":{"line":242,"column":46}},"36":{"start":{"line":243,"column":4},"end":{"line":243,"column":10}},"37":{"start":{"line":245,"column":4},"end":{"line":245,"column":49}},"38":{"start":{"line":246,"column":4},"end":{"line":246,"column":10}},"39":{"start":{"line":248,"column":4},"end":{"line":248,"column":47}},"40":{"start":{"line":249,"column":4},"end":{"line":249,"column":10}},"41":{"start":{"line":251,"column":4},"end":{"line":251,"column":47}},"42":{"start":{"line":252,"column":4},"end":{"line":252,"column":10}},"43":{"start":{"line":254,"column":4},"end":{"line":254,"column":51}},"44":{"start":{"line":255,"column":4},"end":{"line":255,"column":10}},"45":{"start":{"line":257,"column":4},"end":{"line":257,"column":58}},"46":{"start":{"line":258,"column":4},"end":{"line":258,"column":10}},"47":{"start":{"line":260,"column":4},"end":{"line":260,"column":49}},"48":{"start":{"line":261,"column":4},"end":{"line":261,"column":10}},"49":{"start":{"line":263,"column":4},"end":{"line":265,"column":7}},"50":{"start":{"line":268,"column":2},"end":{"line":268,"column":54}},"51":{"start":{"line":69,"column":0},"end":{"line":69,"column":13}}},"fnMap":{"0":{"name":"(anonymous_0)","decl":{"start":{"line":69,"column":0},"end":{"line":69,"column":13}},"loc":{"start":{"line":69,"column":0},"end":{"line":270,"column":1}}},"1":{"name":"(anonymous_1)","decl":{"start":{"line":214,"column":1},"end":{"line":214,"column":6}},"loc":{"start":{"line":214,"column":14},"end":{"line":269,"column":2}}}},"branchMap":{"0":{"loc":{"start":{"line":219,"column":2},"end":{"line":266,"column":3}},"type":"switch","locations":[{"start":{"line":220,"column":3},"end":{"line":222,"column":10}},{"start":{"line":223,"column":3},"end":{"line":225,"column":10}},{"start":{"line":226,"column":3},"end":{"line":228,"column":10}},{"start":{"line":229,"column":3},"end":{"line":231,"column":10}},{"start":{"line":232,"column":3},"end":{"line":234,"column":10}},{"start":{"line":235,"column":3},"end":{"line":237,"column":10}},{"start":{"line":238,"column":3},"end":{"line":240,"column":10}},{"start":{"line":241,"column":3},"end":{"line":243,"column":10}},{"start":{"line":244,"column":3},"end":{"line":246,"column":10}},{"start":{"line":247,"column":3},"end":{"line":249,"column":10}},{"start":{"line":250,"column":3},"end":{"line":252,"column":10}},{"start":{"line":253,"column":3},"end":{"line":255,"column":10}},{"start":{"line":256,"column":3},"end":{"line":258,"column":10}},{"start":{"line":259,"column":3},"end":{"line":261,"column":10}},{"start":{"line":262,"column":3},"end":{"line":265,"column":7}}]}},"s":{"0":1,"1":1,"2":1,"3":1,"4":1,"5":1,"6":1,"7":1,"8":1,"9":1,"10":1,"11":1,"12":1,"13":1,"14":1,"15":1,"16":1,"17":1,"18":1,"19":30,"20":30,"21":2,"22":2,"23":2,"24":2,"25":2,"26":2,"27":2,"28":2,"29":2,"30":2,"31":2,"32":2,"33":2,"34":2,"35":2,"36":2,"37":2,"38":2,"39":2,"40":2,"41":2,"42":2,"43":2,"44":2,"45":2,"46":2,"47":2,"48":2,"49":2,"50":28,"51":1},"f":{"0":1,"1":30},"b":{"0":[2,2,2,2,2,2,2,2,2,2,2,2,2,2,2]}}
,"/workspaces/n8n-nodes-ovhcloud/nodes/OvhCloud/actions/domain/get.operation.ts": {"path":"/workspaces/n8n-nodes-ovhcloud/nodes/OvhCloud/actions/domain/get.operation.ts","statementMap":{"0":{"start":{"line":21,"column":0},"end":{"line":21,"column":16}},"1":{"start":{"line":46,"column":0},"end":{"line":46,"column":7}},"2":{"start":{"line":8,"column":0},"end":{"line":8,"column":54}},"3":{"start":{"line":22,"column":1},"end":{"line":32,"column":3}},"4":{"start":{"line":47,"column":16},"end":{"line":47,"column":35}},"5":{"start":{"line":48,"column":20},"end":{"line":48,"column":68}},"6":{"start":{"line":49,"column":15},"end":{"line":49,"column":60}},"7":{"start":{"line":50,"column":1},"end":{"line":50,"column":25}}},"fnMap":{"0":{"name":"description","decl":{"start":{"line":21,"column":16},"end":{"line":21,"column":27}},"loc":{"start":{"line":21,"column":59},"end":{"line":33,"column":1}}},"1":{"name":"execute","decl":{"start":{"line":46,"column":22},"end":{"line":46,"column":29}},"loc":{"start":{"line":46,"column":29},"end":{"line":51,"column":1}}}},"branchMap":{},"s":{"0":1,"1":1,"2":1,"3":0,"4":4,"5":4,"6":4,"7":3},"f":{"0":0,"1":4},"b":{}}
,"/workspaces/n8n-nodes-ovhcloud/nodes/OvhCloud/actions/domain/list.operation.ts": {"path":"/workspaces/n8n-nodes-ovhcloud/nodes/OvhCloud/actions/domain/list.operation.ts","statementMap":{"0":{"start":{"line":22,"column":0},"end":{"line":22,"column":16}},"1":{"start":{"line":37,"column":0},"end":{"line":37,"column":7}},"2":{"start":{"line":8,"column":0},"end":{"line":8,"column":54}},"3":{"start":{"line":23,"column":1},"end":{"line":23,"column":11}},"4":{"start":{"line":38,"column":16},"end":{"line":38,"column":35}},"5":{"start":{"line":39,"column":15},"end":{"line":39,"column":46}},"6":{"start":{"line":40,"column":1},"end":{"line":40,"column":45}},"7":{"start":{"line":40,"column":28},"end":{"line":40,"column":42}}},"fnMap":{"0":{"name":"description","decl":{"start":{"line":22,"column":16},"end":{"line":22,"column":27}},"loc":{"start":{"line":22,"column":59},"end":{"line":24,"column":1}}},"1":{"name":"execute","decl":{"start":{"line":37,"column":22},"end":{"line":37,"column":29}},"loc":{"start":{"line":37,"column":29},"end":{"line":41,"column":1}}},"2":{"name":"(anonymous_2)","decl":{"start":{"line":40,"column":17},"end":{"line":40,"column":18}},"loc":{"start":{"line":40,"column":28},"end":{"line":40,"column":42}}}},"branchMap":{},"s":{"0":1,"1":1,"2":1,"3":0,"4":4,"5":4,"6":3,"7":4},"f":{"0":0,"1":4,"2":4},"b":{}}
,"/workspaces/n8n-nodes-ovhcloud/nodes/OvhCloud/actions/me/get.operation.ts": {"path":"/workspaces/n8n-nodes-ovhcloud/nodes/OvhCloud/actions/me/get.operation.ts","statementMap":{"0":{"start":{"line":6,"column":0},"end":{"line":6,"column":16}},"1":{"start":{"line":10,"column":0},"end":{"line":10,"column":7}},"2":{"start":{"line":3,"column":0},"end":{"line":3,"column":54}},"3":{"start":{"line":7,"column":1},"end":{"line":7,"column":11}},"4":{"start":{"line":11,"column":16},"end":{"line":11,"column":35}},"5":{"start":{"line":12,"column":15},"end":{"line":12,"column":42}},"6":{"start":{"line":13,"column":1},"end":{"line":13,"column":25}}},"fnMap":{"0":{"name":"description","decl":{"start":{"line":6,"column":16},"end":{"line":6,"column":27}},"loc":{"start":{"line":6,"column":59},"end":{"line":8,"column":1}}},"1":{"name":"execute","decl":{"start":{"line":10,"column":22},"end":{"line":10,"column":29}},"loc":{"start":{"line":10,"column":29},"end":{"line":14,"column":1}}}},"branchMap":{},"s":{"0":1,"1":1,"2":1,"3":0,"4":2,"5":2,"6":2},"f":{"0":0,"1":2},"b":{}}
,"/workspaces/n8n-nodes-ovhcloud/nodes/OvhCloud/actions/vps/abortSnapshot.operation.ts": {"path":"/workspaces/n8n-nodes-ovhcloud/nodes/OvhCloud/actions/vps/abortSnapshot.operation.ts","statementMap":{"0":{"start":{"line":10,"column":0},"end":{"line":10,"column":16}},"1":{"start":{"line":45,"column":0},"end":{"line":45,"column":7}},"2":{"start":{"line":8,"column":0},"end":{"line":8,"column":54}},"3":{"start":{"line":11,"column":1},"end":{"line":42,"column":3}},"4":{"start":{"line":46,"column":16},"end":{"line":46,"column":35}},"5":{"start":{"line":47,"column":21},"end":{"line":47,"column":94}},"6":{"start":{"line":49,"column":19},"end":{"line":49,"column":77}},"7":{"start":{"line":50,"column":1},"end":{"line":50,"column":47}}},"fnMap":{"0":{"name":"description","decl":{"start":{"line":10,"column":16},"end":{"line":10,"column":27}},"loc":{"start":{"line":10,"column":59},"end":{"line":43,"column":1}}},"1":{"name":"execute","decl":{"start":{"line":45,"column":22},"end":{"line":45,"column":29}},"loc":{"start":{"line":45,"column":29},"end":{"line":51,"column":1}}}},"branchMap":{},"s":{"0":1,"1":1,"2":1,"3":1,"4":0,"5":0,"6":0,"7":0},"f":{"0":1,"1":0},"b":{}}
,"/workspaces/n8n-nodes-ovhcloud/nodes/OvhCloud/actions/vps/edit.operation.ts": {"path":"/workspaces/n8n-nodes-ovhcloud/nodes/OvhCloud/actions/vps/edit.operation.ts","statementMap":{"0":{"start":{"line":10,"column":0},"end":{"line":10,"column":16}},"1":{"start":{"line":61,"column":0},"end":{"line":61,"column":7}},"2":{"start":{"line":8,"column":0},"end":{"line":8,"column":54}},"3":{"start":{"line":11,"column":1},"end":{"line":58,"column":3}},"4":{"start":{"line":62,"column":16},"end":{"line":62,"column":35}},"5":{"start":{"line":63,"column":21},"end":{"line":63,"column":94}},"6":{"start":{"line":65,"column":27},"end":{"line":65,"column":29}},"7":{"start":{"line":66,"column":21},"end":{"line":66,"column":74}},"8":{"start":{"line":67,"column":17},"end":{"line":67,"column":66}},"9":{"start":{"line":69,"column":1},"end":{"line":71,"column":2}},"10":{"start":{"line":70,"column":2},"end":{"line":70,"column":33}},"11":{"start":{"line":72,"column":1},"end":{"line":74,"column":2}},"12":{"start":{"line":73,"column":2},"end":{"line":73,"column":25}},"13":{"start":{"line":76,"column":1},"end":{"line":76,"column":55}},"14":{"start":{"line":78,"column":19},"end":{"line":78,"column":62}},"15":{"start":{"line":79,"column":1},"end":{"line":79,"column":47}}},"fnMap":{"0":{"name":"description","decl":{"start":{"line":10,"column":16},"end":{"line":10,"column":27}},"loc":{"start":{"line":10,"column":59},"end":{"line":59,"column":1}}},"1":{"name":"execute","decl":{"start":{"line":61,"column":22},"end":{"line":61,"column":29}},"loc":{"start":{"line":61,"column":29},"end":{"line":80,"column":1}}}},"branchMap":{"0":{"loc":{"start":{"line":69,"column":1},"end":{"line":71,"column":2}},"type":"if","locations":[{"start":{"line":69,"column":1},"end":{"line":71,"column":2}},{"start":{},"end":{}}]},"1":{"loc":{"start":{"line":72,"column":1},"end":{"line":74,"column":2}},"type":"if","locations":[{"start":{"line":72,"column":1},"end":{"line":74,"column":2}},{"start":{},"end":{}}]}},"s":{"0":1,"1":1,"2":1,"3":1,"4":0,"5":0,"6":0,"7":0,"8":0,"9":0,"10":0,"11":0,"12":0,"13":0,"14":0,"15":0},"f":{"0":1,"1":0},"b":{"0":[0,0],"1":[0,0]}}
,"/workspaces/n8n-nodes-ovhcloud/nodes/OvhCloud/actions/vps/get.operation.ts": {"path":"/workspaces/n8n-nodes-ovhcloud/nodes/OvhCloud/actions/vps/get.operation.ts","statementMap":{"0":{"start":{"line":19,"column":0},"end":{"line":19,"column":16}},"1":{"start":{"line":69,"column":0},"end":{"line":69,"column":7}},"2":{"start":{"line":8,"column":0},"end":{"line":8,"column":58}},"3":{"start":{"line":20,"column":1},"end":{"line":51,"column":3}},"4":{"start":{"line":70,"column":16},"end":{"line":70,"column":35}},"5":{"start":{"line":71,"column":21},"end":{"line":71,"column":94}},"6":{"start":{"line":73,"column":19},"end":{"line":73,"column":62}},"7":{"start":{"line":74,"column":1},"end":{"line":74,"column":47}}},"fnMap":{"0":{"name":"description","decl":{"start":{"line":19,"column":16},"end":{"line":19,"column":27}},"loc":{"start":{"line":19,"column":59},"end":{"line":52,"column":1}}},"1":{"name":"execute","decl":{"start":{"line":69,"column":22},"end":{"line":69,"column":29}},"loc":{"start":{"line":69,"column":29},"end":{"line":75,"column":1}}}},"branchMap":{},"s":{"0":2,"1":2,"2":2,"3":1,"4":4,"5":4,"6":4,"7":3},"f":{"0":1,"1":4},"b":{}}
,"/workspaces/n8n-nodes-ovhcloud/nodes/OvhCloud/actions/vps/list.operation.ts": {"path":"/workspaces/n8n-nodes-ovhcloud/nodes/OvhCloud/actions/vps/list.operation.ts","statementMap":{"0":{"start":{"line":11,"column":0},"end":{"line":11,"column":16}},"1":{"start":{"line":15,"column":0},"end":{"line":15,"column":7}},"2":{"start":{"line":8,"column":0},"end":{"line":8,"column":54}},"3":{"start":{"line":12,"column":1},"end":{"line":12,"column":11}},"4":{"start":{"line":16,"column":16},"end":{"line":16,"column":35}},"5":{"start":{"line":17,"column":19},"end":{"line":17,"column":47}},"6":{"start":{"line":18,"column":1},"end":{"line":18,"column":49}},"7":{"start":{"line":18,"column":32},"end":{"line":18,"column":46}}},"fnMap":{"0":{"name":"description","decl":{"start":{"line":11,"column":16},"end":{"line":11,"column":27}},"loc":{"start":{"line":11,"column":59},"end":{"line":13,"column":1}}},"1":{"name":"execute","decl":{"start":{"line":15,"column":22},"end":{"line":15,"column":29}},"loc":{"start":{"line":15,"column":29},"end":{"line":19,"column":1}}},"2":{"name":"(anonymous_2)","decl":{"start":{"line":18,"column":21},"end":{"line":18,"column":22}},"loc":{"start":{"line":18,"column":32},"end":{"line":18,"column":46}}}},"branchMap":{},"s":{"0":1,"1":1,"2":1,"3":1,"4":0,"5":0,"6":0,"7":0},"f":{"0":1,"1":0,"2":0},"b":{}}
,"/workspaces/n8n-nodes-ovhcloud/nodes/OvhCloud/actions/vps/resources/automatedBackup/detach.operation.ts": {"path":"/workspaces/n8n-nodes-ovhcloud/nodes/OvhCloud/actions/vps/resources/automatedBackup/detach.operation.ts","statementMap":{"0":{"start":{"line":10,"column":0},"end":{"line":10,"column":16}},"1":{"start":{"line":54,"column":0},"end":{"line":54,"column":7}},"2":{"start":{"line":8,"column":0},"end":{"line":8,"column":60}},"3":{"start":{"line":11,"column":1},"end":{"line":51,"column":3}},"4":{"start":{"line":55,"column":16},"end":{"line":55,"column":35}},"5":{"start":{"line":56,"column":21},"end":{"line":56,"column":94}},"6":{"start":{"line":57,"column":18},"end":{"line":57,"column":64}},"7":{"start":{"line":59,"column":19},"end":{"line":61,"column":3}},"8":{"start":{"line":63,"column":1},"end":{"line":63,"column":47}}},"fnMap":{"0":{"name":"descriptionAutomatedBackupDetach","decl":{"start":{"line":10,"column":16},"end":{"line":10,"column":48}},"loc":{"start":{"line":10,"column":80},"end":{"line":52,"column":1}}},"1":{"name":"executeAutomatedBackupDetach","decl":{"start":{"line":54,"column":22},"end":{"line":54,"column":50}},"loc":{"start":{"line":54,"column":50},"end":{"line":64,"column":1}}}},"branchMap":{},"s":{"0":3,"1":3,"2":3,"3":1,"4":0,"5":0,"6":0,"7":0,"8":0},"f":{"0":1,"1":0},"b":{}}
,"/workspaces/n8n-nodes-ovhcloud/nodes/OvhCloud/actions/vps/resources/automatedBackup/get.operation.ts": {"path":"/workspaces/n8n-nodes-ovhcloud/nodes/OvhCloud/actions/vps/resources/automatedBackup/get.operation.ts","statementMap":{"0":{"start":{"line":10,"column":0},"end":{"line":10,"column":16}},"1":{"start":{"line":45,"column":0},"end":{"line":45,"column":7}},"2":{"start":{"line":8,"column":0},"end":{"line":8,"column":60}},"3":{"start":{"line":11,"column":1},"end":{"line":42,"column":3}},"4":{"start":{"line":46,"column":16},"end":{"line":46,"column":35}},"5":{"start":{"line":47,"column":21},"end":{"line":47,"column":94}},"6":{"start":{"line":49,"column":26},"end":{"line":50,"column":null}},"7":{"start":{"line":53,"column":1},"end":{"line":53,"column":36}}},"fnMap":{"0":{"name":"description","decl":{"start":{"line":10,"column":16},"end":{"line":10,"column":27}},"loc":{"start":{"line":10,"column":59},"end":{"line":43,"column":1}}},"1":{"name":"execute","decl":{"start":{"line":45,"column":22},"end":{"line":45,"column":29}},"loc":{"start":{"line":45,"column":29},"end":{"line":54,"column":1}}}},"branchMap":{},"s":{"0":3,"1":3,"2":3,"3":1,"4":1,"5":1,"6":1,"7":1},"f":{"0":1,"1":1},"b":{}}
,"/workspaces/n8n-nodes-ovhcloud/nodes/OvhCloud/actions/vps/resources/automatedBackup/listAttached.operation.ts": {"path":"/workspaces/n8n-nodes-ovhcloud/nodes/OvhCloud/actions/vps/resources/automatedBackup/listAttached.operation.ts","statementMap":{"0":{"start":{"line":10,"column":0},"end":{"line":10,"column":16}},"1":{"start":{"line":45,"column":0},"end":{"line":45,"column":7}},"2":{"start":{"line":8,"column":0},"end":{"line":8,"column":60}},"3":{"start":{"line":11,"column":1},"end":{"line":42,"column":3}},"4":{"start":{"line":46,"column":16},"end":{"line":46,"column":35}},"5":{"start":{"line":47,"column":21},"end":{"line":47,"column":94}},"6":{"start":{"line":49,"column":26},"end":{"line":50,"column":null}},"7":{"start":{"line":53,"column":1},"end":{"line":53,"column":54}}},"fnMap":{"0":{"name":"descriptionAutomatedBackupListAttached","decl":{"start":{"line":10,"column":16},"end":{"line":10,"column":54}},"loc":{"start":{"line":10,"column":86},"end":{"line":43,"column":1}}},"1":{"name":"executeAutomatedBackupListAttached","decl":{"start":{"line":45,"column":22},"end":{"line":45,"column":56}},"loc":{"start":{"line":45,"column":56},"end":{"line":54,"column":1}}}},"branchMap":{},"s":{"0":2,"1":2,"2":2,"3":1,"4":0,"5":0,"6":0,"7":0},"f":{"0":1,"1":0},"b":{}}
,"/workspaces/n8n-nodes-ovhcloud/nodes/OvhCloud/actions/vps/resources/automatedBackup/listRestorePoints.operation.ts": {"path":"/workspaces/n8n-nodes-ovhcloud/nodes/OvhCloud/actions/vps/resources/automatedBackup/listRestorePoints.operation.ts","statementMap":{"0":{"start":{"line":10,"column":0},"end":{"line":10,"column":16}},"1":{"start":{"line":45,"column":0},"end":{"line":45,"column":7}},"2":{"start":{"line":8,"column":0},"end":{"line":8,"column":60}},"3":{"start":{"line":11,"column":1},"end":{"line":42,"column":3}},"4":{"start":{"line":46,"column":16},"end":{"line":46,"column":35}},"5":{"start":{"line":47,"column":21},"end":{"line":47,"column":94}},"6":{"start":{"line":49,"column":19},"end":{"line":49,"column":92}},"7":{"start":{"line":51,"column":1},"end":{"line":51,"column":47}}},"fnMap":{"0":{"name":"descriptionAutomatedBackupListRestorePoints","decl":{"start":{"line":10,"column":16},"end":{"line":10,"column":59}},"loc":{"start":{"line":10,"column":91},"end":{"line":43,"column":1}}},"1":{"name":"executeAutomatedBackupListRestorePoints","decl":{"start":{"line":45,"column":22},"end":{"line":45,"column":61}},"loc":{"start":{"line":45,"column":61},"end":{"line":52,"column":1}}}},"branchMap":{},"s":{"0":3,"1":3,"2":3,"3":1,"4":0,"5":0,"6":0,"7":0},"f":{"0":1,"1":0},"b":{}}
,"/workspaces/n8n-nodes-ovhcloud/nodes/OvhCloud/actions/vps/resources/automatedBackup/reschedule.operation.ts": {"path":"/workspaces/n8n-nodes-ovhcloud/nodes/OvhCloud/actions/vps/resources/automatedBackup/reschedule.operation.ts","statementMap":{"0":{"start":{"line":10,"column":0},"end":{"line":10,"column":16}},"1":{"start":{"line":56,"column":0},"end":{"line":56,"column":7}},"2":{"start":{"line":8,"column":0},"end":{"line":8,"column":60}},"3":{"start":{"line":13,"column":1},"end":{"line":53,"column":3}},"4":{"start":{"line":59,"column":16},"end":{"line":59,"column":35}},"5":{"start":{"line":60,"column":21},"end":{"line":60,"column":94}},"6":{"start":{"line":61,"column":22},"end":{"line":61,"column":72}},"7":{"start":{"line":63,"column":19},"end":{"line":65,"column":3}},"8":{"start":{"line":67,"column":1},"end":{"line":67,"column":47}}},"fnMap":{"0":{"name":"descriptionAutomatedBackupReschedule","decl":{"start":{"line":10,"column":16},"end":{"line":10,"column":52}},"loc":{"start":{"line":11,"column":32},"end":{"line":54,"column":1}}},"1":{"name":"executeAutomatedBackupReschedule","decl":{"start":{"line":56,"column":22},"end":{"line":56,"column":54}},"loc":{"start":{"line":56,"column":54},"end":{"line":68,"column":1}}}},"branchMap":{},"s":{"0":3,"1":3,"2":3,"3":1,"4":0,"5":0,"6":0,"7":0,"8":0},"f":{"0":1,"1":0},"b":{}}
,"/workspaces/n8n-nodes-ovhcloud/nodes/OvhCloud/actions/vps/resources/automatedBackup/restore.operation.ts": {"path":"/workspaces/n8n-nodes-ovhcloud/nodes/OvhCloud/actions/vps/resources/automatedBackup/restore.operation.ts","statementMap":{"0":{"start":{"line":10,"column":0},"end":{"line":10,"column":16}},"1":{"start":{"line":54,"column":0},"end":{"line":54,"column":7}},"2":{"start":{"line":8,"column":0},"end":{"line":8,"column":60}},"3":{"start":{"line":11,"column":1},"end":{"line":51,"column":3}},"4":{"start":{"line":55,"column":16},"end":{"line":55,"column":35}},"5":{"start":{"line":56,"column":21},"end":{"line":56,"column":94}},"6":{"start":{"line":57,"column":22},"end":{"line":57,"column":72}},"7":{"start":{"line":59,"column":19},"end":{"line":61,"column":3}},"8":{"start":{"line":63,"column":1},"end":{"line":63,"column":47}}},"fnMap":{"0":{"name":"descriptionAutomatedBackupRestore","decl":{"start":{"line":10,"column":16},"end":{"line":10,"column":49}},"loc":{"start":{"line":10,"column":81},"end":{"line":52,"column":1}}},"1":{"name":"executeAutomatedBackupRestore","decl":{"start":{"line":54,"column":22},"end":{"line":54,"column":51}},"loc":{"start":{"line":54,"column":51},"end":{"line":64,"column":1}}}},"branchMap":{},"s":{"0":3,"1":3,"2":3,"3":1,"4":0,"5":0,"6":0,"7":0,"8":0},"f":{"0":1,"1":0},"b":{}}
,"/workspaces/n8n-nodes-ovhcloud/nodes/OvhCloud/actions/vps/resources/availableUpgrade/get.operation.ts": {"path":"/workspaces/n8n-nodes-ovhcloud/nodes/OvhCloud/actions/vps/resources/availableUpgrade/get.operation.ts","statementMap":{"0":{"start":{"line":10,"column":0},"end":{"line":10,"column":16}},"1":{"start":{"line":45,"column":0},"end":{"line":45,"column":7}},"2":{"start":{"line":8,"column":0},"end":{"line":8,"column":60}},"3":{"start":{"line":11,"column":1},"end":{"line":42,"column":3}},"4":{"start":{"line":46,"column":16},"end":{"line":46,"column":35}},"5":{"start":{"line":47,"column":21},"end":{"line":47,"column":94}},"6":{"start":{"line":49,"column":27},"end":{"line":50,"column":null}},"7":{"start":{"line":53,"column":1},"end":{"line":53,"column":37}}},"fnMap":{"0":{"name":"description","decl":{"start":{"line":10,"column":16},"end":{"line":10,"column":27}},"loc":{"start":{"line":10,"column":59},"end":{"line":43,"column":1}}},"1":{"name":"execute","decl":{"start":{"line":45,"column":22},"end":{"line":45,"column":29}},"loc":{"start":{"line":45,"column":29},"end":{"line":54,"column":1}}}},"branchMap":{},"s":{"0":3,"1":3,"2":3,"3":1,"4":0,"5":0,"6":0,"7":0},"f":{"0":1,"1":0},"b":{}}
,"/workspaces/n8n-nodes-ovhcloud/nodes/OvhCloud/actions/vps/resources/backupftp/createAcl.operation.ts": {"path":"/workspaces/n8n-nodes-ovhcloud/nodes/OvhCloud/actions/vps/resources/backupftp/createAcl.operation.ts","statementMap":{"0":{"start":{"line":10,"column":0},"end":{"line":10,"column":16}},"1":{"start":{"line":54,"column":0},"end":{"line":54,"column":7}},"2":{"start":{"line":8,"column":0},"end":{"line":8,"column":60}},"3":{"start":{"line":11,"column":1},"end":{"line":51,"column":3}},"4":{"start":{"line":55,"column":16},"end":{"line":55,"column":35}},"5":{"start":{"line":56,"column":21},"end":{"line":56,"column":94}},"6":{"start":{"line":57,"column":17},"end":{"line":57,"column":62}},"7":{"start":{"line":59,"column":19},"end":{"line":61,"column":3}},"8":{"start":{"line":63,"column":1},"end":{"line":63,"column":47}}},"fnMap":{"0":{"name":"descriptionBackupFtpCreateAcl","decl":{"start":{"line":10,"column":16},"end":{"line":10,"column":45}},"loc":{"start":{"line":10,"column":77},"end":{"line":52,"column":1}}},"1":{"name":"executeBackupFtpCreateAcl","decl":{"start":{"line":54,"column":22},"end":{"line":54,"column":47}},"loc":{"start":{"line":54,"column":47},"end":{"line":64,"column":1}}}},"branchMap":{},"s":{"0":3,"1":3,"2":3,"3":1,"4":0,"5":0,"6":0,"7":0,"8":0},"f":{"0":1,"1":0},"b":{}}
,"/workspaces/n8n-nodes-ovhcloud/nodes/OvhCloud/actions/vps/resources/backupftp/deleteAcl.operation.ts": {"path":"/workspaces/n8n-nodes-ovhcloud/nodes/OvhCloud/actions/vps/resources/backupftp/deleteAcl.operation.ts","statementMap":{"0":{"start":{"line":10,"column":0},"end":{"line":10,"column":16}},"1":{"start":{"line":54,"column":0},"end":{"line":54,"column":7}},"2":{"start":{"line":8,"column":0},"end":{"line":8,"column":60}},"3":{"start":{"line":11,"column":1},"end":{"line":51,"column":3}},"4":{"start":{"line":55,"column":16},"end":{"line":55,"column":35}},"5":{"start":{"line":56,"column":21},"end":{"line":56,"column":94}},"6":{"start":{"line":57,"column":17},"end":{"line":57,"column":62}},"7":{"start":{"line":59,"column":19},"end":{"line":59,"column":93}},"8":{"start":{"line":61,"column":1},"end":{"line":61,"column":47}}},"fnMap":{"0":{"name":"descriptionBackupFtpDeleteAcl","decl":{"start":{"line":10,"column":16},"end":{"line":10,"column":45}},"loc":{"start":{"line":10,"column":77},"end":{"line":52,"column":1}}},"1":{"name":"executeBackupFtpDeleteAcl","decl":{"start":{"line":54,"column":22},"end":{"line":54,"column":47}},"loc":{"start":{"line":54,"column":47},"end":{"line":62,"column":1}}}},"branchMap":{},"s":{"0":3,"1":3,"2":3,"3":1,"4":0,"5":0,"6":0,"7":0,"8":0},"f":{"0":1,"1":0},"b":{}}
,"/workspaces/n8n-nodes-ovhcloud/nodes/OvhCloud/actions/vps/resources/backupftp/get.operation.ts": {"path":"/workspaces/n8n-nodes-ovhcloud/nodes/OvhCloud/actions/vps/resources/backupftp/get.operation.ts","statementMap":{"0":{"start":{"line":10,"column":0},"end":{"line":10,"column":16}},"1":{"start":{"line":45,"column":0},"end":{"line":45,"column":7}},"2":{"start":{"line":8,"column":0},"end":{"line":8,"column":60}},"3":{"start":{"line":11,"column":1},"end":{"line":42,"column":3}},"4":{"start":{"line":46,"column":16},"end":{"line":46,"column":35}},"5":{"start":{"line":47,"column":21},"end":{"line":47,"column":94}},"6":{"start":{"line":49,"column":20},"end":{"line":49,"column":73}},"7":{"start":{"line":51,"column":1},"end":{"line":51,"column":30}}},"fnMap":{"0":{"name":"description","decl":{"start":{"line":10,"column":16},"end":{"line":10,"column":27}},"loc":{"start":{"line":10,"column":59},"end":{"line":43,"column":1}}},"1":{"name":"execute","decl":{"start":{"line":45,"column":22},"end":{"line":45,"column":29}},"loc":{"start":{"line":45,"column":29},"end":{"line":52,"column":1}}}},"branchMap":{},"s":{"0":3,"1":3,"2":3,"3":1,"4":1,"5":1,"6":1,"7":1},"f":{"0":1,"1":1},"b":{}}
,"/workspaces/n8n-nodes-ovhcloud/nodes/OvhCloud/actions/vps/resources/backupftp/getAcl.operation.ts": {"path":"/workspaces/n8n-nodes-ovhcloud/nodes/OvhCloud/actions/vps/resources/backupftp/getAcl.operation.ts","statementMap":{"0":{"start":{"line":10,"column":0},"end":{"line":10,"column":16}},"1":{"start":{"line":54,"column":0},"end":{"line":54,"column":7}},"2":{"start":{"line":8,"column":0},"end":{"line":8,"column":60}},"3":{"start":{"line":11,"column":1},"end":{"line":51,"column":3}},"4":{"start":{"line":55,"column":16},"end":{"line":55,"column":35}},"5":{"start":{"line":56,"column":21},"end":{"line":56,"column":94}},"6":{"start":{"line":57,"column":17},"end":{"line":57,"column":62}},"7":{"start":{"line":59,"column":19},"end":{"line":59,"column":90}},"8":{"start":{"line":61,"column":1},"end":{"line":61,"column":47}}},"fnMap":{"0":{"name":"descriptionBackupFtpGetAcl","decl":{"start":{"line":10,"column":16},"end":{"line":10,"column":42}},"loc":{"start":{"line":10,"column":74},"end":{"line":52,"column":1}}},"1":{"name":"executeBackupFtpGetAcl","decl":{"start":{"line":54,"column":22},"end":{"line":54,"column":44}},"loc":{"start":{"line":54,"column":44},"end":{"line":62,"column":1}}}},"branchMap":{},"s":{"0":3,"1":3,"2":3,"3":1,"4":0,"5":0,"6":0,"7":0,"8":0},"f":{"0":1,"1":0},"b":{}}
,"/workspaces/n8n-nodes-ovhcloud/nodes/OvhCloud/actions/vps/resources/backupftp/listAcls.operation.ts": {"path":"/workspaces/n8n-nodes-ovhcloud/nodes/OvhCloud/actions/vps/resources/backupftp/listAcls.operation.ts","statementMap":{"0":{"start":{"line":10,"column":0},"end":{"line":10,"column":16}},"1":{"start":{"line":45,"column":0},"end":{"line":45,"column":7}},"2":{"start":{"line":8,"column":0},"end":{"line":8,"column":60}},"3":{"start":{"line":11,"column":1},"end":{"line":42,"column":3}},"4":{"start":{"line":46,"column":16},"end":{"line":46,"column":35}},"5":{"start":{"line":47,"column":21},"end":{"line":47,"column":94}},"6":{"start":{"line":49,"column":15},"end":{"line":49,"column":75}},"7":{"start":{"line":51,"column":1},"end":{"line":51,"column":43}}},"fnMap":{"0":{"name":"descriptionBackupFtpListAcls","decl":{"start":{"line":10,"column":16},"end":{"line":10,"column":44}},"loc":{"start":{"line":10,"column":76},"end":{"line":43,"column":1}}},"1":{"name":"executeBackupFtpListAcls","decl":{"start":{"line":45,"column":22},"end":{"line":45,"column":46}},"loc":{"start":{"line":45,"column":46},"end":{"line":52,"column":1}}}},"branchMap":{},"s":{"0":2,"1":2,"2":2,"3":1,"4":0,"5":0,"6":0,"7":0},"f":{"0":1,"1":0},"b":{}}
,"/workspaces/n8n-nodes-ovhcloud/nodes/OvhCloud/actions/vps/resources/backupftp/listAuthorizableBlocks.operation.ts": {"path":"/workspaces/n8n-nodes-ovhcloud/nodes/OvhCloud/actions/vps/resources/backupftp/listAuthorizableBlocks.operation.ts","statementMap":{"0":{"start":{"line":10,"column":0},"end":{"line":10,"column":16}},"1":{"start":{"line":45,"column":0},"end":{"line":45,"column":7}},"2":{"start":{"line":8,"column":0},"end":{"line":8,"column":60}},"3":{"start":{"line":11,"column":1},"end":{"line":42,"column":3}},"4":{"start":{"line":46,"column":16},"end":{"line":46,"column":35}},"5":{"start":{"line":47,"column":21},"end":{"line":47,"column":94}},"6":{"start":{"line":49,"column":17},"end":{"line":49,"column":89}},"7":{"start":{"line":51,"column":1},"end":{"line":51,"column":45}}},"fnMap":{"0":{"name":"descriptionBackupFtpListAuthorizableBlocks","decl":{"start":{"line":10,"column":16},"end":{"line":10,"column":58}},"loc":{"start":{"line":10,"column":90},"end":{"line":43,"column":1}}},"1":{"name":"executeBackupFtpListAuthorizableBlocks","decl":{"start":{"line":45,"column":22},"end":{"line":45,"column":60}},"loc":{"start":{"line":45,"column":60},"end":{"line":52,"column":1}}}},"branchMap":{},"s":{"0":3,"1":3,"2":3,"3":1,"4":0,"5":0,"6":0,"7":0},"f":{"0":1,"1":0},"b":{}}
,"/workspaces/n8n-nodes-ovhcloud/nodes/OvhCloud/actions/vps/resources/backupftp/setPassword.operation.ts": {"path":"/workspaces/n8n-nodes-ovhcloud/nodes/OvhCloud/actions/vps/resources/backupftp/setPassword.operation.ts","statementMap":{"0":{"start":{"line":10,"column":0},"end":{"line":10,"column":16}},"1":{"start":{"line":57,"column":0},"end":{"line":57,"column":7}},"2":{"start":{"line":8,"column":0},"end":{"line":8,"column":60}},"3":{"start":{"line":11,"column":1},"end":{"line":54,"column":3}},"4":{"start":{"line":58,"column":16},"end":{"line":58,"column":35}},"5":{"start":{"line":59,"column":21},"end":{"line":59,"column":94}},"6":{"start":{"line":60,"column":18},"end":{"line":60,"column":64}},"7":{"start":{"line":62,"column":19},"end":{"line":64,"column":3}},"8":{"start":{"line":66,"column":1},"end":{"line":66,"column":47}}},"fnMap":{"0":{"name":"descriptionBackupFtpSetPassword","decl":{"start":{"line":10,"column":16},"end":{"line":10,"column":47}},"loc":{"start":{"line":10,"column":79},"end":{"line":55,"column":1}}},"1":{"name":"executeBackupFtpSetPassword","decl":{"start":{"line":57,"column":22},"end":{"line":57,"column":49}},"loc":{"start":{"line":57,"column":49},"end":{"line":67,"column":1}}}},"branchMap":{},"s":{"0":3,"1":3,"2":3,"3":1,"4":0,"5":0,"6":0,"7":0,"8":0},"f":{"0":1,"1":0},"b":{}}
,"/workspaces/n8n-nodes-ovhcloud/nodes/OvhCloud/actions/vps/resources/backupftp/updateAcl.operation.ts": {"path":"/workspaces/n8n-nodes-ovhcloud/nodes/OvhCloud/actions/vps/resources/backupftp/updateAcl.operation.ts","statementMap":{"0":{"start":{"line":10,"column":0},"end":{"line":10,"column":16}},"1":{"start":{"line":54,"column":0},"end":{"line":54,"column":7}},"2":{"start":{"line":8,"column":0},"end":{"line":8,"column":60}},"3":{"start":{"line":11,"column":1},"end":{"line":51,"column":3}},"4":{"start":{"line":55,"column":16},"end":{"line":55,"column":35}},"5":{"start":{"line":56,"column":21},"end":{"line":56,"column":94}},"6":{"start":{"line":57,"column":17},"end":{"line":57,"column":62}},"7":{"start":{"line":59,"column":19},"end":{"line":59,"column":90}},"8":{"start":{"line":61,"column":1},"end":{"line":61,"column":47}}},"fnMap":{"0":{"name":"descriptionBackupFtpUpdateAcl","decl":{"start":{"line":10,"column":16},"end":{"line":10,"column":45}},"loc":{"start":{"line":10,"column":77},"end":{"line":52,"column":1}}},"1":{"name":"executeBackupFtpUpdateAcl","decl":{"start":{"line":54,"column":22},"end":{"line":54,"column":47}},"loc":{"start":{"line":54,"column":47},"end":{"line":62,"column":1}}}},"branchMap":{},"s":{"0":3,"1":3,"2":3,"3":1,"4":0,"5":0,"6":0,"7":0,"8":0},"f":{"0":1,"1":0},"b":{}}
,"/workspaces/n8n-nodes-ovhcloud/nodes/OvhCloud/actions/vps/resources/confirmTermination/create.operation.ts": {"path":"/workspaces/n8n-nodes-ovhcloud/nodes/OvhCloud/actions/vps/resources/confirmTermination/create.operation.ts","statementMap":{"0":{"start":{"line":18,"column":0},"end":{"line":18,"column":16}},"1":{"start":{"line":79,"column":0},"end":{"line":79,"column":7}},"2":{"start":{"line":8,"column":0},"end":{"line":8,"column":60}},"3":{"start":{"line":19,"column":1},"end":{"line":68,"column":3}},"4":{"start":{"line":80,"column":16},"end":{"line":80,"column":35}},"5":{"start":{"line":81,"column":21},"end":{"line":83,"column":13}},"6":{"start":{"line":84,"column":15},"end":{"line":84,"column":77}},"7":{"start":{"line":85,"column":20},"end":{"line":85,"column":91}},"8":{"start":{"line":87,"column":27},"end":{"line":87,"column":36}},"9":{"start":{"line":88,"column":1},"end":{"line":90,"column":2}},"10":{"start":{"line":89,"column":2},"end":{"line":89,"column":31}},"11":{"start":{"line":92,"column":19},"end":{"line":94,"column":3}},"12":{"start":{"line":96,"column":1},"end":{"line":96,"column":47}}},"fnMap":{"0":{"name":"description","decl":{"start":{"line":18,"column":16},"end":{"line":18,"column":27}},"loc":{"start":{"line":18,"column":59},"end":{"line":69,"column":1}}},"1":{"name":"execute","decl":{"start":{"line":79,"column":22},"end":{"line":79,"column":29}},"loc":{"start":{"line":79,"column":29},"end":{"line":97,"column":1}}}},"branchMap":{"0":{"loc":{"start":{"line":88,"column":1},"end":{"line":90,"column":2}},"type":"if","locations":[{"start":{"line":88,"column":1},"end":{"line":90,"column":2}},{"start":{},"end":{}}]}},"s":{"0":3,"1":3,"2":3,"3":1,"4":0,"5":0,"6":0,"7":0,"8":0,"9":0,"10":0,"11":0,"12":0},"f":{"0":1,"1":0},"b":{"0":[0,0]}}
,"/workspaces/n8n-nodes-ovhcloud/nodes/OvhCloud/actions/vps/resources/console/getUrl.operation.ts": {"path":"/workspaces/n8n-nodes-ovhcloud/nodes/OvhCloud/actions/vps/resources/console/getUrl.operation.ts","statementMap":{"0":{"start":{"line":18,"column":0},"end":{"line":18,"column":16}},"1":{"start":{"line":61,"column":0},"end":{"line":61,"column":7}},"2":{"start":{"line":8,"column":0},"end":{"line":8,"column":60}},"3":{"start":{"line":19,"column":1},"end":{"line":50,"column":3}},"4":{"start":{"line":62,"column":16},"end":{"line":62,"column":35}},"5":{"start":{"line":63,"column":21},"end":{"line":65,"column":13}},"6":{"start":{"line":67,"column":21},"end":{"line":67,"column":79}},"7":{"start":{"line":69,"column":1},"end":{"line":69,"column":49}}},"fnMap":{"0":{"name":"description","decl":{"start":{"line":18,"column":16},"end":{"line":18,"column":27}},"loc":{"start":{"line":18,"column":59},"end":{"line":51,"column":1}}},"1":{"name":"execute","decl":{"start":{"line":61,"column":22},"end":{"line":61,"column":29}},"loc":{"start":{"line":61,"column":29},"end":{"line":70,"column":1}}}},"branchMap":{},"s":{"0":3,"1":3,"2":3,"3":1,"4":0,"5":0,"6":0,"7":0},"f":{"0":1,"1":0},"b":{}}
,"/workspaces/n8n-nodes-ovhcloud/nodes/OvhCloud/actions/vps/resources/console/openAccess.operation.ts": {"path":"/workspaces/n8n-nodes-ovhcloud/nodes/OvhCloud/actions/vps/resources/console/openAccess.operation.ts","statementMap":{"0":{"start":{"line":16,"column":0},"end":{"line":16,"column":16}},"1":{"start":{"line":57,"column":0},"end":{"line":57,"column":7}},"2":{"start":{"line":8,"column":0},"end":{"line":8,"column":60}},"3":{"start":{"line":17,"column":1},"end":{"line":48,"column":3}},"4":{"start":{"line":58,"column":16},"end":{"line":58,"column":35}},"5":{"start":{"line":59,"column":21},"end":{"line":59,"column":94}},"6":{"start":{"line":61,"column":19},"end":{"line":61,"column":81}},"7":{"start":{"line":63,"column":1},"end":{"line":63,"column":47}}},"fnMap":{"0":{"name":"descriptionConsoleOpenAccess","decl":{"start":{"line":16,"column":16},"end":{"line":16,"column":44}},"loc":{"start":{"line":16,"column":76},"end":{"line":49,"column":1}}},"1":{"name":"executeConsoleOpenAccess","decl":{"start":{"line":57,"column":22},"end":{"line":57,"column":46}},"loc":{"start":{"line":57,"column":46},"end":{"line":64,"column":1}}}},"branchMap":{},"s":{"0":3,"1":3,"2":3,"3":2,"4":0,"5":0,"6":0,"7":0},"f":{"0":2,"1":0},"b":{}}
,"/workspaces/n8n-nodes-ovhcloud/nodes/OvhCloud/actions/vps/resources/contactChange/create.operation.ts": {"path":"/workspaces/n8n-nodes-ovhcloud/nodes/OvhCloud/actions/vps/resources/contactChange/create.operation.ts","statementMap":{"0":{"start":{"line":18,"column":0},"end":{"line":18,"column":16}},"1":{"start":{"line":85,"column":0},"end":{"line":85,"column":7}},"2":{"start":{"line":8,"column":0},"end":{"line":8,"column":60}},"3":{"start":{"line":19,"column":1},"end":{"line":74,"column":3}},"4":{"start":{"line":86,"column":16},"end":{"line":86,"column":35}},"5":{"start":{"line":87,"column":21},"end":{"line":89,"column":13}},"6":{"start":{"line":90,"column":22},"end":{"line":90,"column":76}},"7":{"start":{"line":91,"column":24},"end":{"line":91,"column":80}},"8":{"start":{"line":92,"column":21},"end":{"line":92,"column":74}},"9":{"start":{"line":94,"column":27},"end":{"line":94,"column":29}},"10":{"start":{"line":95,"column":1},"end":{"line":97,"column":2}},"11":{"start":{"line":96,"column":2},"end":{"line":96,"column":35}},"12":{"start":{"line":98,"column":1},"end":{"line":100,"column":2}},"13":{"start":{"line":99,"column":2},"end":{"line":99,"column":39}},"14":{"start":{"line":101,"column":1},"end":{"line":103,"column":2}},"15":{"start":{"line":102,"column":2},"end":{"line":102,"column":33}},"16":{"start":{"line":105,"column":19},"end":{"line":107,"column":3}},"17":{"start":{"line":109,"column":1},"end":{"line":109,"column":47}}},"fnMap":{"0":{"name":"description","decl":{"start":{"line":18,"column":16},"end":{"line":18,"column":27}},"loc":{"start":{"line":18,"column":59},"end":{"line":75,"column":1}}},"1":{"name":"execute","decl":{"start":{"line":85,"column":22},"end":{"line":85,"column":29}},"loc":{"start":{"line":85,"column":29},"end":{"line":110,"column":1}}}},"branchMap":{"0":{"loc":{"start":{"line":95,"column":1},"end":{"line":97,"column":2}},"type":"if","locations":[{"start":{"line":95,"column":1},"end":{"line":97,"column":2}},{"start":{},"end":{}}]},"1":{"loc":{"start":{"line":98,"column":1},"end":{"line":100,"column":2}},"type":"if","locations":[{"start":{"line":98,"column":1},"end":{"line":100,"column":2}},{"start":{},"end":{}}]},"2":{"loc":{"start":{"line":101,"column":1},"end":{"line":103,"column":2}},"type":"if","locations":[{"start":{"line":101,"column":1},"end":{"line":103,"column":2}},{"start":{},"end":{}}]}},"s":{"0":3,"1":3,"2":3,"3":1,"4":0,"5":0,"6":0,"7":0,"8":0,"9":0,"10":0,"11":0,"12":0,"13":0,"14":0,"15":0,"16":0,"17":0},"f":{"0":1,"1":0},"b":{"0":[0,0],"1":[0,0],"2":[0,0]}}
,"/workspaces/n8n-nodes-ovhcloud/nodes/OvhCloud/actions/vps/resources/datacenter/get.operation.ts": {"path":"/workspaces/n8n-nodes-ovhcloud/nodes/OvhCloud/actions/vps/resources/datacenter/get.operation.ts","statementMap":{"0":{"start":{"line":10,"column":0},"end":{"line":10,"column":16}},"1":{"start":{"line":45,"column":0},"end":{"line":45,"column":7}},"2":{"start":{"line":8,"column":0},"end":{"line":8,"column":60}},"3":{"start":{"line":11,"column":1},"end":{"line":42,"column":3}},"4":{"start":{"line":46,"column":16},"end":{"line":46,"column":35}},"5":{"start":{"line":47,"column":21},"end":{"line":47,"column":94}},"6":{"start":{"line":49,"column":21},"end":{"line":49,"column":75}},"7":{"start":{"line":51,"column":1},"end":{"line":51,"column":31}}},"fnMap":{"0":{"name":"description","decl":{"start":{"line":10,"column":16},"end":{"line":10,"column":27}},"loc":{"start":{"line":10,"column":59},"end":{"line":43,"column":1}}},"1":{"name":"execute","decl":{"start":{"line":45,"column":22},"end":{"line":45,"column":29}},"loc":{"start":{"line":45,"column":29},"end":{"line":52,"column":1}}}},"branchMap":{},"s":{"0":3,"1":3,"2":3,"3":1,"4":0,"5":0,"6":0,"7":0},"f":{"0":1,"1":0},"b":{}}
,"/workspaces/n8n-nodes-ovhcloud/nodes/OvhCloud/actions/vps/resources/datacenter/list.operation.ts": {"path":"/workspaces/n8n-nodes-ovhcloud/nodes/OvhCloud/actions/vps/resources/datacenter/list.operation.ts","statementMap":{"0":{"start":{"line":11,"column":0},"end":{"line":11,"column":16}},"1":{"start":{"line":24,"column":0},"end":{"line":24,"column":7}},"2":{"start":{"line":8,"column":0},"end":{"line":8,"column":60}},"3":{"start":{"line":9,"column":0},"end":{"line":9,"column":45}},"4":{"start":{"line":12,"column":1},"end":{"line":21,"column":3}},"5":{"start":{"line":18,"column":40},"end":{"line":18,"column":83}},"6":{"start":{"line":27,"column":16},"end":{"line":27,"column":35}},"7":{"start":{"line":28,"column":17},"end":{"line":28,"column":89}},"8":{"start":{"line":29,"column":22},"end":{"line":29,"column":74}},"9":{"start":{"line":30,"column":1},"end":{"line":30,"column":76}},"10":{"start":{"line":30,"column":35},"end":{"line":30,"column":49}}},"fnMap":{"0":{"name":"descriptionDatacenterList","decl":{"start":{"line":11,"column":16},"end":{"line":11,"column":41}},"loc":{"start":{"line":11,"column":73},"end":{"line":22,"column":1}}},"1":{"name":"(anonymous_1)","decl":{"start":{"line":18,"column":26},"end":{"line":18,"column":27}},"loc":{"start":{"line":18,"column":40},"end":{"line":18,"column":83}}},"2":{"name":"executeDatacenterList","decl":{"start":{"line":24,"column":22},"end":{"line":24,"column":43}},"loc":{"start":{"line":24,"column":43},"end":{"line":31,"column":1}}},"3":{"name":"(anonymous_3)","decl":{"start":{"line":30,"column":24},"end":{"line":30,"column":25}},"loc":{"start":{"line":30,"column":35},"end":{"line":30,"column":49}}}},"branchMap":{},"s":{"0":3,"1":3,"2":3,"3":3,"4":0,"5":0,"6":0,"7":0,"8":0,"9":0,"10":0},"f":{"0":0,"1":0,"2":0,"3":0},"b":{}}
,"/workspaces/n8n-nodes-ovhcloud/nodes/OvhCloud/actions/vps/resources/disks/get.operation.ts": {"path":"/workspaces/n8n-nodes-ovhcloud/nodes/OvhCloud/actions/vps/resources/disks/get.operation.ts","statementMap":{"0":{"start":{"line":18,"column":0},"end":{"line":18,"column":16}},"1":{"start":{"line":77,"column":0},"end":{"line":77,"column":7}},"2":{"start":{"line":8,"column":0},"end":{"line":8,"column":60}},"3":{"start":{"line":19,"column":1},"end":{"line":59,"column":3}},"4":{"start":{"line":78,"column":16},"end":{"line":78,"column":35}},"5":{"start":{"line":79,"column":21},"end":{"line":81,"column":13}},"6":{"start":{"line":82,"column":12},"end":{"line":82,"column":85}},"7":{"start":{"line":84,"column":15},"end":{"line":84,"column":70}},"8":{"start":{"line":85,"column":1},"end":{"line":85,"column":43}}},"fnMap":{"0":{"name":"description","decl":{"start":{"line":18,"column":16},"end":{"line":18,"column":27}},"loc":{"start":{"line":18,"column":59},"end":{"line":60,"column":1}}},"1":{"name":"execute","decl":{"start":{"line":77,"column":22},"end":{"line":77,"column":29}},"loc":{"start":{"line":77,"column":29},"end":{"line":86,"column":1}}}},"branchMap":{},"s":{"0":2,"1":2,"2":2,"3":1,"4":0,"5":0,"6":0,"7":0,"8":0},"f":{"0":1,"1":0},"b":{}}
,"/workspaces/n8n-nodes-ovhcloud/nodes/OvhCloud/actions/vps/resources/disks/getMonitoring.operation.ts": {"path":"/workspaces/n8n-nodes-ovhcloud/nodes/OvhCloud/actions/vps/resources/disks/getMonitoring.operation.ts","statementMap":{"0":{"start":{"line":18,"column":0},"end":{"line":18,"column":16}},"1":{"start":{"line":120,"column":0},"end":{"line":120,"column":7}},"2":{"start":{"line":8,"column":0},"end":{"line":8,"column":60}},"3":{"start":{"line":19,"column":1},"end":{"line":109,"column":3}},"4":{"start":{"line":123,"column":16},"end":{"line":123,"column":35}},"5":{"start":{"line":124,"column":21},"end":{"line":126,"column":13}},"6":{"start":{"line":127,"column":16},"end":{"line":127,"column":65}},"7":{"start":{"line":128,"column":16},"end":{"line":128,"column":65}},"8":{"start":{"line":129,"column":14},"end":{"line":129,"column":61}},"9":{"start":{"line":131,"column":21},"end":{"line":134,"column":3}},"10":{"start":{"line":136,"column":1},"end":{"line":136,"column":49}}},"fnMap":{"0":{"name":"descriptionDisksGetMonitoring","decl":{"start":{"line":18,"column":16},"end":{"line":18,"column":45}},"loc":{"start":{"line":18,"column":77},"end":{"line":110,"column":1}}},"1":{"name":"executeDisksGetMonitoring","decl":{"start":{"line":120,"column":22},"end":{"line":120,"column":47}},"loc":{"start":{"line":120,"column":47},"end":{"line":137,"column":1}}}},"branchMap":{},"s":{"0":2,"1":2,"2":2,"3":1,"4":0,"5":0,"6":0,"7":0,"8":0,"9":0,"10":0},"f":{"0":1,"1":0},"b":{}}
,"/workspaces/n8n-nodes-ovhcloud/nodes/OvhCloud/actions/vps/resources/disks/getUsage.operation.ts": {"path":"/workspaces/n8n-nodes-ovhcloud/nodes/OvhCloud/actions/vps/resources/disks/getUsage.operation.ts","statementMap":{"0":{"start":{"line":18,"column":0},"end":{"line":18,"column":16}},"1":{"start":{"line":97,"column":0},"end":{"line":97,"column":7}},"2":{"start":{"line":8,"column":0},"end":{"line":8,"column":60}},"3":{"start":{"line":19,"column":1},"end":{"line":86,"column":3}},"4":{"start":{"line":98,"column":16},"end":{"line":98,"column":35}},"5":{"start":{"line":99,"column":21},"end":{"line":101,"column":13}},"6":{"start":{"line":102,"column":16},"end":{"line":102,"column":65}},"7":{"start":{"line":103,"column":14},"end":{"line":103,"column":61}},"8":{"start":{"line":105,"column":16},"end":{"line":107,"column":3}},"9":{"start":{"line":109,"column":1},"end":{"line":109,"column":44}}},"fnMap":{"0":{"name":"descriptionDisksGetUsage","decl":{"start":{"line":18,"column":16},"end":{"line":18,"column":40}},"loc":{"start":{"line":18,"column":72},"end":{"line":87,"column":1}}},"1":{"name":"executeDisksGetUsage","decl":{"start":{"line":97,"column":22},"end":{"line":97,"column":42}},"loc":{"start":{"line":97,"column":42},"end":{"line":110,"column":1}}}},"branchMap":{},"s":{"0":2,"1":2,"2":2,"3":1,"4":0,"5":0,"6":0,"7":0,"8":0,"9":0},"f":{"0":1,"1":0},"b":{}}
,"/workspaces/n8n-nodes-ovhcloud/nodes/OvhCloud/actions/vps/resources/disks/list.operation.ts": {"path":"/workspaces/n8n-nodes-ovhcloud/nodes/OvhCloud/actions/vps/resources/disks/list.operation.ts","statementMap":{"0":{"start":{"line":18,"column":0},"end":{"line":18,"column":16}},"1":{"start":{"line":68,"column":0},"end":{"line":68,"column":7}},"2":{"start":{"line":8,"column":0},"end":{"line":8,"column":60}},"3":{"start":{"line":19,"column":1},"end":{"line":50,"column":3}},"4":{"start":{"line":69,"column":16},"end":{"line":69,"column":35}},"5":{"start":{"line":70,"column":21},"end":{"line":72,"column":13}},"6":{"start":{"line":74,"column":16},"end":{"line":74,"column":65}},"7":{"start":{"line":75,"column":1},"end":{"line":75,"column":44}}},"fnMap":{"0":{"name":"descriptionDisksList","decl":{"start":{"line":18,"column":16},"end":{"line":18,"column":36}},"loc":{"start":{"line":18,"column":68},"end":{"line":51,"column":1}}},"1":{"name":"executeDisksList","decl":{"start":{"line":68,"column":22},"end":{"line":68,"column":38}},"loc":{"start":{"line":68,"column":38},"end":{"line":76,"column":1}}}},"branchMap":{},"s":{"0":2,"1":2,"2":2,"3":1,"4":0,"5":0,"6":0,"7":0},"f":{"0":1,"1":0},"b":{}}
,"/workspaces/n8n-nodes-ovhcloud/nodes/OvhCloud/actions/vps/resources/disks/update.operation.ts": {"path":"/workspaces/n8n-nodes-ovhcloud/nodes/OvhCloud/actions/vps/resources/disks/update.operation.ts","statementMap":{"0":{"start":{"line":10,"column":0},"end":{"line":10,"column":16}},"1":{"start":{"line":62,"column":0},"end":{"line":62,"column":7}},"2":{"start":{"line":8,"column":0},"end":{"line":8,"column":60}},"3":{"start":{"line":11,"column":1},"end":{"line":59,"column":3}},"4":{"start":{"line":63,"column":16},"end":{"line":63,"column":35}},"5":{"start":{"line":64,"column":21},"end":{"line":64,"column":99}},"6":{"start":{"line":65,"column":16},"end":{"line":65,"column":65}},"7":{"start":{"line":66,"column":23},"end":{"line":66,"column":82}},"8":{"start":{"line":68,"column":25},"end":{"line":68,"column":27}},"9":{"start":{"line":69,"column":1},"end":{"line":73,"column":2}},"10":{"start":{"line":70,"column":2},"end":{"line":70,"column":50}},"11":{"start":{"line":75,"column":1},"end":{"line":75,"column":71}},"12":{"start":{"line":77,"column":15},"end":{"line":77,"column":74}},"13":{"start":{"line":78,"column":1},"end":{"line":78,"column":43}}},"fnMap":{"0":{"name":"descriptionDisksUpdate","decl":{"start":{"line":10,"column":16},"end":{"line":10,"column":38}},"loc":{"start":{"line":10,"column":70},"end":{"line":60,"column":1}}},"1":{"name":"executeDisksUpdate","decl":{"start":{"line":62,"column":22},"end":{"line":62,"column":40}},"loc":{"start":{"line":62,"column":40},"end":{"line":79,"column":1}}}},"branchMap":{},"s":{"0":2,"1":2,"2":2,"3":1,"4":0,"5":0,"6":0,"7":0,"8":0,"9":0,"10":0,"11":0,"12":0,"13":0},"f":{"0":1,"1":0},"b":{}}
,"/workspaces/n8n-nodes-ovhcloud/nodes/OvhCloud/actions/vps/resources/distribution/get.operation.ts": {"path":"/workspaces/n8n-nodes-ovhcloud/nodes/OvhCloud/actions/vps/resources/distribution/get.operation.ts","statementMap":{"0":{"start":{"line":10,"column":0},"end":{"line":10,"column":16}},"1":{"start":{"line":45,"column":0},"end":{"line":45,"column":7}},"2":{"start":{"line":8,"column":0},"end":{"line":8,"column":60}},"3":{"start":{"line":11,"column":1},"end":{"line":42,"column":3}},"4":{"start":{"line":46,"column":16},"end":{"line":46,"column":35}},"5":{"start":{"line":47,"column":21},"end":{"line":47,"column":94}},"6":{"start":{"line":49,"column":23},"end":{"line":49,"column":79}},"7":{"start":{"line":51,"column":1},"end":{"line":51,"column":51}}},"fnMap":{"0":{"name":"description","decl":{"start":{"line":10,"column":16},"end":{"line":10,"column":27}},"loc":{"start":{"line":10,"column":59},"end":{"line":43,"column":1}}},"1":{"name":"execute","decl":{"start":{"line":45,"column":22},"end":{"line":45,"column":29}},"loc":{"start":{"line":45,"column":29},"end":{"line":52,"column":1}}}},"branchMap":{},"s":{"0":3,"1":3,"2":3,"3":1,"4":0,"5":0,"6":0,"7":0},"f":{"0":1,"1":0},"b":{}}
,"/workspaces/n8n-nodes-ovhcloud/nodes/OvhCloud/actions/vps/resources/distribution/getSoftware.operation.ts": {"path":"/workspaces/n8n-nodes-ovhcloud/nodes/OvhCloud/actions/vps/resources/distribution/getSoftware.operation.ts","statementMap":{"0":{"start":{"line":18,"column":0},"end":{"line":18,"column":16}},"1":{"start":{"line":72,"column":0},"end":{"line":72,"column":7}},"2":{"start":{"line":8,"column":0},"end":{"line":8,"column":60}},"3":{"start":{"line":21,"column":1},"end":{"line":61,"column":3}},"4":{"start":{"line":75,"column":16},"end":{"line":75,"column":35}},"5":{"start":{"line":76,"column":21},"end":{"line":78,"column":13}},"6":{"start":{"line":79,"column":20},"end":{"line":79,"column":81}},"7":{"start":{"line":81,"column":19},"end":{"line":82,"column":null}},"8":{"start":{"line":85,"column":1},"end":{"line":85,"column":47}}},"fnMap":{"0":{"name":"descriptionDistributionGetSoftware","decl":{"start":{"line":18,"column":16},"end":{"line":18,"column":50}},"loc":{"start":{"line":19,"column":32},"end":{"line":62,"column":1}}},"1":{"name":"executeDistributionGetSoftware","decl":{"start":{"line":72,"column":22},"end":{"line":72,"column":52}},"loc":{"start":{"line":72,"column":52},"end":{"line":86,"column":1}}}},"branchMap":{},"s":{"0":3,"1":3,"2":3,"3":1,"4":0,"5":0,"6":0,"7":0,"8":0},"f":{"0":1,"1":0},"b":{}}
,"/workspaces/n8n-nodes-ovhcloud/nodes/OvhCloud/actions/vps/resources/distribution/listSoftware.operation.ts": {"path":"/workspaces/n8n-nodes-ovhcloud/nodes/OvhCloud/actions/vps/resources/distribution/listSoftware.operation.ts","statementMap":{"0":{"start":{"line":18,"column":0},"end":{"line":18,"column":16}},"1":{"start":{"line":63,"column":0},"end":{"line":63,"column":7}},"2":{"start":{"line":8,"column":0},"end":{"line":8,"column":60}},"3":{"start":{"line":21,"column":1},"end":{"line":52,"column":3}},"4":{"start":{"line":66,"column":16},"end":{"line":66,"column":35}},"5":{"start":{"line":67,"column":21},"end":{"line":69,"column":13}},"6":{"start":{"line":71,"column":19},"end":{"line":72,"column":null}},"7":{"start":{"line":75,"column":1},"end":{"line":75,"column":47}}},"fnMap":{"0":{"name":"descriptionDistributionListSoftware","decl":{"start":{"line":18,"column":16},"end":{"line":18,"column":51}},"loc":{"start":{"line":19,"column":32},"end":{"line":53,"column":1}}},"1":{"name":"executeDistributionListSoftware","decl":{"start":{"line":63,"column":22},"end":{"line":63,"column":53}},"loc":{"start":{"line":63,"column":53},"end":{"line":76,"column":1}}}},"branchMap":{},"s":{"0":3,"1":3,"2":3,"3":1,"4":0,"5":0,"6":0,"7":0},"f":{"0":1,"1":0},"b":{}}
,"/workspaces/n8n-nodes-ovhcloud/nodes/OvhCloud/actions/vps/resources/images/getCurrent.operation.ts": {"path":"/workspaces/n8n-nodes-ovhcloud/nodes/OvhCloud/actions/vps/resources/images/getCurrent.operation.ts","statementMap":{"0":{"start":{"line":18,"column":0},"end":{"line":18,"column":16}},"1":{"start":{"line":61,"column":0},"end":{"line":61,"column":7}},"2":{"start":{"line":8,"column":0},"end":{"line":8,"column":60}},"3":{"start":{"line":19,"column":1},"end":{"line":50,"column":3}},"4":{"start":{"line":62,"column":16},"end":{"line":62,"column":35}},"5":{"start":{"line":63,"column":21},"end":{"line":65,"column":13}},"6":{"start":{"line":67,"column":16},"end":{"line":67,"column":74}},"7":{"start":{"line":69,"column":1},"end":{"line":69,"column":44}}},"fnMap":{"0":{"name":"description","decl":{"start":{"line":18,"column":16},"end":{"line":18,"column":27}},"loc":{"start":{"line":18,"column":59},"end":{"line":51,"column":1}}},"1":{"name":"execute","decl":{"start":{"line":61,"column":22},"end":{"line":61,"column":29}},"loc":{"start":{"line":61,"column":29},"end":{"line":70,"column":1}}}},"branchMap":{},"s":{"0":3,"1":3,"2":3,"3":1,"4":0,"5":0,"6":0,"7":0},"f":{"0":1,"1":0},"b":{}}
,"/workspaces/n8n-nodes-ovhcloud/nodes/OvhCloud/actions/vps/resources/images/getDetails.operation.ts": {"path":"/workspaces/n8n-nodes-ovhcloud/nodes/OvhCloud/actions/vps/resources/images/getDetails.operation.ts","statementMap":{"0":{"start":{"line":18,"column":0},"end":{"line":18,"column":16}},"1":{"start":{"line":70,"column":0},"end":{"line":70,"column":7}},"2":{"start":{"line":8,"column":0},"end":{"line":8,"column":60}},"3":{"start":{"line":19,"column":1},"end":{"line":59,"column":3}},"4":{"start":{"line":73,"column":16},"end":{"line":73,"column":35}},"5":{"start":{"line":74,"column":21},"end":{"line":76,"column":13}},"6":{"start":{"line":77,"column":17},"end":{"line":77,"column":69}},"7":{"start":{"line":79,"column":16},"end":{"line":80,"column":null}},"8":{"start":{"line":83,"column":1},"end":{"line":83,"column":44}}},"fnMap":{"0":{"name":"descriptionImagesGetDetails","decl":{"start":{"line":18,"column":16},"end":{"line":18,"column":43}},"loc":{"start":{"line":18,"column":75},"end":{"line":60,"column":1}}},"1":{"name":"executeImagesGetDetails","decl":{"start":{"line":70,"column":22},"end":{"line":70,"column":45}},"loc":{"start":{"line":70,"column":45},"end":{"line":84,"column":1}}}},"branchMap":{},"s":{"0":3,"1":3,"2":3,"3":0,"4":0,"5":0,"6":0,"7":0,"8":0},"f":{"0":0,"1":0},"b":{}}
,"/workspaces/n8n-nodes-ovhcloud/nodes/OvhCloud/actions/vps/resources/images/listAvailable.operation.ts": {"path":"/workspaces/n8n-nodes-ovhcloud/nodes/OvhCloud/actions/vps/resources/images/listAvailable.operation.ts","statementMap":{"0":{"start":{"line":18,"column":0},"end":{"line":18,"column":16}},"1":{"start":{"line":61,"column":0},"end":{"line":61,"column":7}},"2":{"start":{"line":8,"column":0},"end":{"line":8,"column":60}},"3":{"start":{"line":19,"column":1},"end":{"line":50,"column":3}},"4":{"start":{"line":64,"column":16},"end":{"line":64,"column":35}},"5":{"start":{"line":65,"column":21},"end":{"line":67,"column":13}},"6":{"start":{"line":69,"column":17},"end":{"line":69,"column":77}},"7":{"start":{"line":71,"column":1},"end":{"line":71,"column":45}}},"fnMap":{"0":{"name":"descriptionImagesListAvailable","decl":{"start":{"line":18,"column":16},"end":{"line":18,"column":46}},"loc":{"start":{"line":18,"column":78},"end":{"line":51,"column":1}}},"1":{"name":"executeImagesListAvailable","decl":{"start":{"line":61,"column":22},"end":{"line":61,"column":48}},"loc":{"start":{"line":61,"column":48},"end":{"line":72,"column":1}}}},"branchMap":{},"s":{"0":3,"1":3,"2":3,"3":0,"4":0,"5":0,"6":0,"7":0},"f":{"0":0,"1":0},"b":{}}
,"/workspaces/n8n-nodes-ovhcloud/nodes/OvhCloud/actions/vps/resources/ipCountryAvailable/get.operation.ts": {"path":"/workspaces/n8n-nodes-ovhcloud/nodes/OvhCloud/actions/vps/resources/ipCountryAvailable/get.operation.ts","statementMap":{"0":{"start":{"line":10,"column":0},"end":{"line":10,"column":16}},"1":{"start":{"line":45,"column":0},"end":{"line":45,"column":7}},"2":{"start":{"line":8,"column":0},"end":{"line":8,"column":60}},"3":{"start":{"line":11,"column":1},"end":{"line":42,"column":3}},"4":{"start":{"line":46,"column":16},"end":{"line":46,"column":35}},"5":{"start":{"line":47,"column":21},"end":{"line":47,"column":94}},"6":{"start":{"line":49,"column":29},"end":{"line":50,"column":null}},"7":{"start":{"line":53,"column":1},"end":{"line":53,"column":57}}},"fnMap":{"0":{"name":"description","decl":{"start":{"line":10,"column":16},"end":{"line":10,"column":27}},"loc":{"start":{"line":10,"column":59},"end":{"line":43,"column":1}}},"1":{"name":"execute","decl":{"start":{"line":45,"column":22},"end":{"line":45,"column":29}},"loc":{"start":{"line":45,"column":29},"end":{"line":54,"column":1}}}},"branchMap":{},"s":{"0":3,"1":3,"2":3,"3":1,"4":0,"5":0,"6":0,"7":0},"f":{"0":1,"1":0},"b":{}}
,"/workspaces/n8n-nodes-ovhcloud/nodes/OvhCloud/actions/vps/resources/ips/get.operation.ts": {"path":"/workspaces/n8n-nodes-ovhcloud/nodes/OvhCloud/actions/vps/resources/ips/get.operation.ts","statementMap":{"0":{"start":{"line":18,"column":0},"end":{"line":18,"column":16}},"1":{"start":{"line":70,"column":0},"end":{"line":70,"column":7}},"2":{"start":{"line":8,"column":0},"end":{"line":8,"column":60}},"3":{"start":{"line":19,"column":1},"end":{"line":59,"column":3}},"4":{"start":{"line":71,"column":16},"end":{"line":71,"column":35}},"5":{"start":{"line":72,"column":21},"end":{"line":74,"column":13}},"6":{"start":{"line":75,"column":19},"end":{"line":75,"column":70}},"7":{"start":{"line":77,"column":13},"end":{"line":77,"column":73}},"8":{"start":{"line":79,"column":1},"end":{"line":79,"column":41}}},"fnMap":{"0":{"name":"descriptionIpsGet","decl":{"start":{"line":18,"column":16},"end":{"line":18,"column":33}},"loc":{"start":{"line":18,"column":65},"end":{"line":60,"column":1}}},"1":{"name":"executeIpsGet","decl":{"start":{"line":70,"column":22},"end":{"line":70,"column":35}},"loc":{"start":{"line":70,"column":35},"end":{"line":80,"column":1}}}},"branchMap":{},"s":{"0":2,"1":2,"2":2,"3":1,"4":0,"5":0,"6":0,"7":0,"8":0},"f":{"0":1,"1":0},"b":{}}
,"/workspaces/n8n-nodes-ovhcloud/nodes/OvhCloud/actions/vps/resources/ips/list.operation.ts": {"path":"/workspaces/n8n-nodes-ovhcloud/nodes/OvhCloud/actions/vps/resources/ips/list.operation.ts","statementMap":{"0":{"start":{"line":10,"column":0},"end":{"line":10,"column":16}},"1":{"start":{"line":45,"column":0},"end":{"line":45,"column":7}},"2":{"start":{"line":8,"column":0},"end":{"line":8,"column":60}},"3":{"start":{"line":11,"column":1},"end":{"line":42,"column":3}},"4":{"start":{"line":46,"column":16},"end":{"line":46,"column":35}},"5":{"start":{"line":47,"column":21},"end":{"line":47,"column":94}},"6":{"start":{"line":48,"column":14},"end":{"line":48,"column":61}},"7":{"start":{"line":50,"column":1},"end":{"line":50,"column":42}}},"fnMap":{"0":{"name":"description","decl":{"start":{"line":10,"column":16},"end":{"line":10,"column":27}},"loc":{"start":{"line":10,"column":59},"end":{"line":43,"column":1}}},"1":{"name":"execute","decl":{"start":{"line":45,"column":22},"end":{"line":45,"column":29}},"loc":{"start":{"line":45,"column":29},"end":{"line":51,"column":1}}}},"branchMap":{},"s":{"0":3,"1":3,"2":3,"3":1,"4":1,"5":1,"6":1,"7":1},"f":{"0":1,"1":1},"b":{}}
,"/workspaces/n8n-nodes-ovhcloud/nodes/OvhCloud/actions/vps/resources/ips/release.operation.ts": {"path":"/workspaces/n8n-nodes-ovhcloud/nodes/OvhCloud/actions/vps/resources/ips/release.operation.ts","statementMap":{"0":{"start":{"line":18,"column":0},"end":{"line":18,"column":16}},"1":{"start":{"line":70,"column":0},"end":{"line":70,"column":7}},"2":{"start":{"line":8,"column":0},"end":{"line":8,"column":60}},"3":{"start":{"line":19,"column":1},"end":{"line":59,"column":3}},"4":{"start":{"line":71,"column":16},"end":{"line":71,"column":35}},"5":{"start":{"line":72,"column":21},"end":{"line":74,"column":13}},"6":{"start":{"line":75,"column":19},"end":{"line":75,"column":70}},"7":{"start":{"line":77,"column":19},"end":{"line":77,"column":82}},"8":{"start":{"line":79,"column":1},"end":{"line":79,"column":47}}},"fnMap":{"0":{"name":"descriptionIpsRelease","decl":{"start":{"line":18,"column":16},"end":{"line":18,"column":37}},"loc":{"start":{"line":18,"column":69},"end":{"line":60,"column":1}}},"1":{"name":"executeIpsRelease","decl":{"start":{"line":70,"column":22},"end":{"line":70,"column":39}},"loc":{"start":{"line":70,"column":39},"end":{"line":80,"column":1}}}},"branchMap":{},"s":{"0":2,"1":2,"2":2,"3":1,"4":0,"5":0,"6":0,"7":0,"8":0},"f":{"0":1,"1":0},"b":{}}
,"/workspaces/n8n-nodes-ovhcloud/nodes/OvhCloud/actions/vps/resources/ips/update.operation.ts": {"path":"/workspaces/n8n-nodes-ovhcloud/nodes/OvhCloud/actions/vps/resources/ips/update.operation.ts","statementMap":{"0":{"start":{"line":18,"column":0},"end":{"line":18,"column":16}},"1":{"start":{"line":78,"column":0},"end":{"line":78,"column":7}},"2":{"start":{"line":8,"column":0},"end":{"line":8,"column":60}},"3":{"start":{"line":19,"column":1},"end":{"line":67,"column":3}},"4":{"start":{"line":79,"column":16},"end":{"line":79,"column":35}},"5":{"start":{"line":80,"column":21},"end":{"line":82,"column":13}},"6":{"start":{"line":83,"column":19},"end":{"line":83,"column":70}},"7":{"start":{"line":84,"column":23},"end":{"line":84,"column":81}},"8":{"start":{"line":86,"column":25},"end":{"line":86,"column":27}},"9":{"start":{"line":87,"column":1},"end":{"line":91,"column":2}},"10":{"start":{"line":88,"column":2},"end":{"line":88,"column":50}},"11":{"start":{"line":93,"column":1},"end":{"line":93,"column":72}},"12":{"start":{"line":95,"column":13},"end":{"line":95,"column":73}},"13":{"start":{"line":97,"column":1},"end":{"line":97,"column":41}}},"fnMap":{"0":{"name":"descriptionIpsUpdate","decl":{"start":{"line":18,"column":16},"end":{"line":18,"column":36}},"loc":{"start":{"line":18,"column":68},"end":{"line":68,"column":1}}},"1":{"name":"executeIpsUpdate","decl":{"start":{"line":78,"column":22},"end":{"line":78,"column":38}},"loc":{"start":{"line":78,"column":38},"end":{"line":98,"column":1}}}},"branchMap":{},"s":{"0":2,"1":2,"2":2,"3":1,"4":0,"5":0,"6":0,"7":0,"8":0,"9":0,"10":0,"11":0,"12":0,"13":0},"f":{"0":1,"1":0},"b":{}}
,"/workspaces/n8n-nodes-ovhcloud/nodes/OvhCloud/actions/vps/resources/migration2020/cancel.operation.ts": {"path":"/workspaces/n8n-nodes-ovhcloud/nodes/OvhCloud/actions/vps/resources/migration2020/cancel.operation.ts","statementMap":{"0":{"start":{"line":18,"column":0},"end":{"line":18,"column":16}},"1":{"start":{"line":61,"column":0},"end":{"line":61,"column":7}},"2":{"start":{"line":8,"column":0},"end":{"line":8,"column":60}},"3":{"start":{"line":19,"column":1},"end":{"line":50,"column":3}},"4":{"start":{"line":64,"column":16},"end":{"line":64,"column":35}},"5":{"start":{"line":65,"column":21},"end":{"line":67,"column":13}},"6":{"start":{"line":69,"column":19},"end":{"line":69,"column":79}},"7":{"start":{"line":71,"column":1},"end":{"line":71,"column":47}}},"fnMap":{"0":{"name":"descriptionMigration2020Cancel","decl":{"start":{"line":18,"column":16},"end":{"line":18,"column":46}},"loc":{"start":{"line":18,"column":78},"end":{"line":51,"column":1}}},"1":{"name":"executeMigration2020Cancel","decl":{"start":{"line":61,"column":22},"end":{"line":61,"column":48}},"loc":{"start":{"line":61,"column":48},"end":{"line":72,"column":1}}}},"branchMap":{},"s":{"0":3,"1":3,"2":3,"3":1,"4":0,"5":0,"6":0,"7":0},"f":{"0":1,"1":0},"b":{}}
,"/workspaces/n8n-nodes-ovhcloud/nodes/OvhCloud/actions/vps/resources/migration2020/get.operation.ts": {"path":"/workspaces/n8n-nodes-ovhcloud/nodes/OvhCloud/actions/vps/resources/migration2020/get.operation.ts","statementMap":{"0":{"start":{"line":18,"column":0},"end":{"line":18,"column":16}},"1":{"start":{"line":61,"column":0},"end":{"line":61,"column":7}},"2":{"start":{"line":8,"column":0},"end":{"line":8,"column":60}},"3":{"start":{"line":19,"column":1},"end":{"line":50,"column":3}},"4":{"start":{"line":62,"column":16},"end":{"line":62,"column":35}},"5":{"start":{"line":63,"column":21},"end":{"line":65,"column":13}},"6":{"start":{"line":67,"column":20},"end":{"line":67,"column":77}},"7":{"start":{"line":69,"column":1},"end":{"line":69,"column":48}}},"fnMap":{"0":{"name":"description","decl":{"start":{"line":18,"column":16},"end":{"line":18,"column":27}},"loc":{"start":{"line":18,"column":59},"end":{"line":51,"column":1}}},"1":{"name":"execute","decl":{"start":{"line":61,"column":22},"end":{"line":61,"column":29}},"loc":{"start":{"line":61,"column":29},"end":{"line":70,"column":1}}}},"branchMap":{},"s":{"0":3,"1":3,"2":3,"3":1,"4":0,"5":0,"6":0,"7":0},"f":{"0":1,"1":0},"b":{}}
,"/workspaces/n8n-nodes-ovhcloud/nodes/OvhCloud/actions/vps/resources/migration2020/request.operation.ts": {"path":"/workspaces/n8n-nodes-ovhcloud/nodes/OvhCloud/actions/vps/resources/migration2020/request.operation.ts","statementMap":{"0":{"start":{"line":16,"column":0},"end":{"line":16,"column":16}},"1":{"start":{"line":57,"column":0},"end":{"line":57,"column":7}},"2":{"start":{"line":8,"column":0},"end":{"line":8,"column":60}},"3":{"start":{"line":17,"column":1},"end":{"line":48,"column":3}},"4":{"start":{"line":58,"column":16},"end":{"line":58,"column":35}},"5":{"start":{"line":59,"column":21},"end":{"line":59,"column":94}},"6":{"start":{"line":61,"column":19},"end":{"line":61,"column":77}},"7":{"start":{"line":63,"column":1},"end":{"line":63,"column":47}}},"fnMap":{"0":{"name":"descriptionMigration2020Request","decl":{"start":{"line":16,"column":16},"end":{"line":16,"column":47}},"loc":{"start":{"line":16,"column":79},"end":{"line":49,"column":1}}},"1":{"name":"executeMigration2020Request","decl":{"start":{"line":57,"column":22},"end":{"line":57,"column":49}},"loc":{"start":{"line":57,"column":49},"end":{"line":64,"column":1}}}},"branchMap":{},"s":{"0":3,"1":3,"2":3,"3":1,"4":0,"5":0,"6":0,"7":0},"f":{"0":1,"1":0},"b":{}}
,"/workspaces/n8n-nodes-ovhcloud/nodes/OvhCloud/actions/vps/resources/migration2020/update.operation.ts": {"path":"/workspaces/n8n-nodes-ovhcloud/nodes/OvhCloud/actions/vps/resources/migration2020/update.operation.ts","statementMap":{"0":{"start":{"line":16,"column":0},"end":{"line":16,"column":16}},"1":{"start":{"line":57,"column":0},"end":{"line":57,"column":7}},"2":{"start":{"line":8,"column":0},"end":{"line":8,"column":60}},"3":{"start":{"line":17,"column":1},"end":{"line":48,"column":3}},"4":{"start":{"line":58,"column":16},"end":{"line":58,"column":35}},"5":{"start":{"line":59,"column":21},"end":{"line":59,"column":94}},"6":{"start":{"line":61,"column":19},"end":{"line":61,"column":76}},"7":{"start":{"line":63,"column":1},"end":{"line":63,"column":47}}},"fnMap":{"0":{"name":"descriptionMigration2020Update","decl":{"start":{"line":16,"column":16},"end":{"line":16,"column":46}},"loc":{"start":{"line":16,"column":78},"end":{"line":49,"column":1}}},"1":{"name":"executeMigration2020Update","decl":{"start":{"line":57,"column":22},"end":{"line":57,"column":48}},"loc":{"start":{"line":57,"column":48},"end":{"line":64,"column":1}}}},"branchMap":{},"s":{"0":3,"1":3,"2":3,"3":1,"4":0,"5":0,"6":0,"7":0},"f":{"0":1,"1":0},"b":{}}
,"/workspaces/n8n-nodes-ovhcloud/nodes/OvhCloud/actions/vps/resources/models/list.operation.ts": {"path":"/workspaces/n8n-nodes-ovhcloud/nodes/OvhCloud/actions/vps/resources/models/list.operation.ts","statementMap":{"0":{"start":{"line":10,"column":0},"end":{"line":10,"column":16}},"1":{"start":{"line":45,"column":0},"end":{"line":45,"column":7}},"2":{"start":{"line":8,"column":0},"end":{"line":8,"column":60}},"3":{"start":{"line":11,"column":1},"end":{"line":42,"column":3}},"4":{"start":{"line":46,"column":16},"end":{"line":46,"column":35}},"5":{"start":{"line":47,"column":21},"end":{"line":47,"column":94}},"6":{"start":{"line":48,"column":17},"end":{"line":48,"column":67}},"7":{"start":{"line":50,"column":1},"end":{"line":50,"column":45}}},"fnMap":{"0":{"name":"description","decl":{"start":{"line":10,"column":16},"end":{"line":10,"column":27}},"loc":{"start":{"line":10,"column":59},"end":{"line":43,"column":1}}},"1":{"name":"execute","decl":{"start":{"line":45,"column":22},"end":{"line":45,"column":29}},"loc":{"start":{"line":45,"column":29},"end":{"line":51,"column":1}}}},"branchMap":{},"s":{"0":3,"1":3,"2":3,"3":1,"4":0,"5":0,"6":0,"7":0},"f":{"0":1,"1":0},"b":{}}
,"/workspaces/n8n-nodes-ovhcloud/nodes/OvhCloud/actions/vps/resources/option/get.operation.ts": {"path":"/workspaces/n8n-nodes-ovhcloud/nodes/OvhCloud/actions/vps/resources/option/get.operation.ts","statementMap":{"0":{"start":{"line":10,"column":0},"end":{"line":10,"column":16}},"1":{"start":{"line":45,"column":0},"end":{"line":45,"column":7}},"2":{"start":{"line":8,"column":0},"end":{"line":8,"column":60}},"3":{"start":{"line":11,"column":1},"end":{"line":42,"column":3}},"4":{"start":{"line":46,"column":16},"end":{"line":46,"column":35}},"5":{"start":{"line":47,"column":21},"end":{"line":47,"column":94}},"6":{"start":{"line":49,"column":17},"end":{"line":49,"column":67}},"7":{"start":{"line":51,"column":1},"end":{"line":51,"column":45}}},"fnMap":{"0":{"name":"description","decl":{"start":{"line":10,"column":16},"end":{"line":10,"column":27}},"loc":{"start":{"line":10,"column":59},"end":{"line":43,"column":1}}},"1":{"name":"execute","decl":{"start":{"line":45,"column":22},"end":{"line":45,"column":29}},"loc":{"start":{"line":45,"column":29},"end":{"line":52,"column":1}}}},"branchMap":{},"s":{"0":3,"1":3,"2":3,"3":1,"4":0,"5":0,"6":0,"7":0},"f":{"0":1,"1":0},"b":{}}
,"/workspaces/n8n-nodes-ovhcloud/nodes/OvhCloud/actions/vps/resources/option/getOption.operation.ts": {"path":"/workspaces/n8n-nodes-ovhcloud/nodes/OvhCloud/actions/vps/resources/option/getOption.operation.ts","statementMap":{"0":{"start":{"line":10,"column":0},"end":{"line":10,"column":16}},"1":{"start":{"line":54,"column":0},"end":{"line":54,"column":7}},"2":{"start":{"line":8,"column":0},"end":{"line":8,"column":60}},"3":{"start":{"line":11,"column":1},"end":{"line":51,"column":3}},"4":{"start":{"line":55,"column":16},"end":{"line":55,"column":35}},"5":{"start":{"line":56,"column":21},"end":{"line":56,"column":94}},"6":{"start":{"line":57,"column":20},"end":{"line":57,"column":68}},"7":{"start":{"line":59,"column":19},"end":{"line":59,"column":83}},"8":{"start":{"line":61,"column":1},"end":{"line":61,"column":47}}},"fnMap":{"0":{"name":"descriptionOptionGetOption","decl":{"start":{"line":10,"column":16},"end":{"line":10,"column":42}},"loc":{"start":{"line":10,"column":74},"end":{"line":52,"column":1}}},"1":{"name":"executeOptionGetOption","decl":{"start":{"line":54,"column":22},"end":{"line":54,"column":44}},"loc":{"start":{"line":54,"column":44},"end":{"line":62,"column":1}}}},"branchMap":{},"s":{"0":3,"1":3,"2":3,"3":1,"4":0,"5":0,"6":0,"7":0,"8":0},"f":{"0":1,"1":0},"b":{}}
,"/workspaces/n8n-nodes-ovhcloud/nodes/OvhCloud/actions/vps/resources/password/setRootPassword.operation.ts": {"path":"/workspaces/n8n-nodes-ovhcloud/nodes/OvhCloud/actions/vps/resources/password/setRootPassword.operation.ts","statementMap":{"0":{"start":{"line":10,"column":0},"end":{"line":10,"column":16}},"1":{"start":{"line":55,"column":0},"end":{"line":55,"column":7}},"2":{"start":{"line":8,"column":0},"end":{"line":8,"column":60}},"3":{"start":{"line":11,"column":1},"end":{"line":52,"column":3}},"4":{"start":{"line":56,"column":16},"end":{"line":56,"column":35}},"5":{"start":{"line":57,"column":21},"end":{"line":57,"column":94}},"6":{"start":{"line":58,"column":18},"end":{"line":58,"column":64}},"7":{"start":{"line":60,"column":19},"end":{"line":62,"column":3}},"8":{"start":{"line":64,"column":1},"end":{"line":64,"column":47}}},"fnMap":{"0":{"name":"descriptionPasswordSetRootPassword","decl":{"start":{"line":10,"column":16},"end":{"line":10,"column":50}},"loc":{"start":{"line":10,"column":82},"end":{"line":53,"column":1}}},"1":{"name":"executePasswordSetRootPassword","decl":{"start":{"line":55,"column":22},"end":{"line":55,"column":52}},"loc":{"start":{"line":55,"column":52},"end":{"line":65,"column":1}}}},"branchMap":{},"s":{"0":3,"1":3,"2":3,"3":1,"4":0,"5":0,"6":0,"7":0,"8":0},"f":{"0":1,"1":0},"b":{}}
,"/workspaces/n8n-nodes-ovhcloud/nodes/OvhCloud/actions/vps/resources/power/reboot.operation.ts": {"path":"/workspaces/n8n-nodes-ovhcloud/nodes/OvhCloud/actions/vps/resources/power/reboot.operation.ts","statementMap":{"0":{"start":{"line":16,"column":0},"end":{"line":16,"column":16}},"1":{"start":{"line":57,"column":0},"end":{"line":57,"column":7}},"2":{"start":{"line":8,"column":0},"end":{"line":8,"column":60}},"3":{"start":{"line":17,"column":1},"end":{"line":48,"column":3}},"4":{"start":{"line":58,"column":16},"end":{"line":58,"column":35}},"5":{"start":{"line":59,"column":21},"end":{"line":59,"column":94}},"6":{"start":{"line":61,"column":19},"end":{"line":61,"column":70}},"7":{"start":{"line":63,"column":1},"end":{"line":63,"column":47}}},"fnMap":{"0":{"name":"descriptionPowerReboot","decl":{"start":{"line":16,"column":16},"end":{"line":16,"column":38}},"loc":{"start":{"line":16,"column":70},"end":{"line":49,"column":1}}},"1":{"name":"executePowerReboot","decl":{"start":{"line":57,"column":22},"end":{"line":57,"column":40}},"loc":{"start":{"line":57,"column":40},"end":{"line":64,"column":1}}}},"branchMap":{},"s":{"0":3,"1":3,"2":3,"3":2,"4":1,"5":1,"6":1,"7":1},"f":{"0":2,"1":1},"b":{}}
,"/workspaces/n8n-nodes-ovhcloud/nodes/OvhCloud/actions/vps/resources/power/start.operation.ts": {"path":"/workspaces/n8n-nodes-ovhcloud/nodes/OvhCloud/actions/vps/resources/power/start.operation.ts","statementMap":{"0":{"start":{"line":16,"column":0},"end":{"line":16,"column":16}},"1":{"start":{"line":57,"column":0},"end":{"line":57,"column":7}},"2":{"start":{"line":8,"column":0},"end":{"line":8,"column":60}},"3":{"start":{"line":17,"column":1},"end":{"line":48,"column":3}},"4":{"start":{"line":58,"column":16},"end":{"line":58,"column":35}},"5":{"start":{"line":59,"column":21},"end":{"line":59,"column":94}},"6":{"start":{"line":61,"column":19},"end":{"line":61,"column":69}},"7":{"start":{"line":63,"column":1},"end":{"line":63,"column":47}}},"fnMap":{"0":{"name":"descriptionPowerStart","decl":{"start":{"line":16,"column":16},"end":{"line":16,"column":37}},"loc":{"start":{"line":16,"column":69},"end":{"line":49,"column":1}}},"1":{"name":"executePowerStart","decl":{"start":{"line":57,"column":22},"end":{"line":57,"column":39}},"loc":{"start":{"line":57,"column":39},"end":{"line":64,"column":1}}}},"branchMap":{},"s":{"0":4,"1":4,"2":4,"3":2,"4":4,"5":4,"6":4,"7":3},"f":{"0":2,"1":4},"b":{}}
,"/workspaces/n8n-nodes-ovhcloud/nodes/OvhCloud/actions/vps/resources/power/stop.operation.ts": {"path":"/workspaces/n8n-nodes-ovhcloud/nodes/OvhCloud/actions/vps/resources/power/stop.operation.ts","statementMap":{"0":{"start":{"line":16,"column":0},"end":{"line":16,"column":16}},"1":{"start":{"line":57,"column":0},"end":{"line":57,"column":7}},"2":{"start":{"line":8,"column":0},"end":{"line":8,"column":60}},"3":{"start":{"line":17,"column":1},"end":{"line":48,"column":3}},"4":{"start":{"line":58,"column":16},"end":{"line":58,"column":35}},"5":{"start":{"line":59,"column":21},"end":{"line":59,"column":94}},"6":{"start":{"line":61,"column":19},"end":{"line":61,"column":68}},"7":{"start":{"line":63,"column":1},"end":{"line":63,"column":47}}},"fnMap":{"0":{"name":"descriptionPowerStop","decl":{"start":{"line":16,"column":16},"end":{"line":16,"column":36}},"loc":{"start":{"line":16,"column":68},"end":{"line":49,"column":1}}},"1":{"name":"executePowerStop","decl":{"start":{"line":57,"column":22},"end":{"line":57,"column":38}},"loc":{"start":{"line":57,"column":38},"end":{"line":64,"column":1}}}},"branchMap":{},"s":{"0":3,"1":3,"2":3,"3":2,"4":1,"5":1,"6":1,"7":1},"f":{"0":2,"1":1},"b":{}}
[...]
,"/workspaces/n8n-nodes-ovhcloud/nodes/OvhCloud/actions/vps/resources/templates/getSoftware.operation.ts": {"path":"/workspaces/n8n-nodes-ovhcloud/nodes/OvhCloud/actions/vps/resources/templates/getSoftware.operation.ts","statementMap":{"0":{"start":{"line":10,"column":0},"end":{"line":10,"column":16}},"1":{"start":{"line":63,"column":0},"end":{"line":63,"column":7}},"2":{"start":{"line":8,"column":0},"end":{"line":8,"column":60}},"3":{"start":{"line":11,"column":1},"end":{"line":60,"column":3}},"4":{"start":{"line":64,"column":16},"end":{"line":64,"column":35}},"5":{"start":{"line":65,"column":21},"end":{"line":65,"column":94}},"6":{"start":{"line":66,"column":20},"end":{"line":66,"column":68}},"7":{"start":{"line":67,"column":20},"end":{"line":67,"column":68}},"8":{"start":{"line":69,"column":19},"end":{"line":69,"column":109}},"9":{"start":{"line":71,"column":1},"end":{"line":71,"column":47}}},"fnMap":{"0":{"name":"descriptionTemplatesGetSoftware","decl":{"start":{"line":10,"column":16},"end":{"line":10,"column":47}},"loc":{"start":{"line":10,"column":79},"end":{"line":61,"column":1}}},"1":{"name":"executeTemplatesGetSoftware","decl":{"start":{"line":63,"column":22},"end":{"line":63,"column":49}},"loc":{"start":{"line":63,"column":49},"end":{"line":72,"column":1}}}},"branchMap":{},"s":{"0":3,"1":3,"2":3,"3":2,"4":0,"5":0,"6":0,"7":0,"8":0,"9":0},"f":{"0":2,"1":0},"b":{}}
,"/workspaces/n8n-nodes-ovhcloud/nodes/OvhCloud/actions/vps/resources/templates/list.operation.ts": {"path":"/workspaces/n8n-nodes-ovhcloud/nodes/OvhCloud/actions/vps/resources/templates/list.operation.ts","statementMap":{"0":{"start":{"line":10,"column":0},"end":{"line":10,"column":16}},"1":{"start":{"line":45,"column":0},"end":{"line":45,"column":7}},"2":{"start":{"line":8,"column":0},"end":{"line":8,"column":60}},"3":{"start":{"line":11,"column":1},"end":{"line":42,"column":3}},"4":{"start":{"line":46,"column":16},"end":{"line":46,"column":35}},"5":{"start":{"line":47,"column":21},"end":{"line":47,"column":94}},"6":{"start":{"line":49,"column":19},"end":{"line":49,"column":72}},"7":{"start":{"line":51,"column":1},"end":{"line":51,"column":47}}},"fnMap":{"0":{"name":"descriptionTemplatesList","decl":{"start":{"line":10,"column":16},"end":{"line":10,"column":40}},"loc":{"start":{"line":10,"column":72},"end":{"line":43,"column":1}}},"1":{"name":"executeTemplatesList","decl":{"start":{"line":45,"column":22},"end":{"line":45,"column":42}},"loc":{"start":{"line":45,"column":42},"end":{"line":52,"column":1}}}},"branchMap":{},"s":{"0":3,"1":3,"2":3,"3":2,"4":0,"5":0,"6":0,"7":0},"f":{"0":2,"1":0},"b":{}}
,"/workspaces/n8n-nodes-ovhcloud/nodes/OvhCloud/actions/vps/resources/templates/listSoftware.operation.ts": {"path":"/workspaces/n8n-nodes-ovhcloud/nodes/OvhCloud/actions/vps/resources/templates/listSoftware.operation.ts","statementMap":{"0":{"start":{"line":10,"column":0},"end":{"line":10,"column":16}},"1":{"start":{"line":54,"column":0},"end":{"line":54,"column":7}},"2":{"start":{"line":8,"column":0},"end":{"line":8,"column":60}},"3":{"start":{"line":11,"column":1},"end":{"line":51,"column":3}},"4":{"start":{"line":55,"column":16},"end":{"line":55,"column":35}},"5":{"start":{"line":56,"column":21},"end":{"line":56,"column":94}},"6":{"start":{"line":57,"column":20},"end":{"line":57,"column":68}},"7":{"start":{"line":59,"column":19},"end":{"line":59,"column":95}},"8":{"start":{"line":61,"column":1},"end":{"line":61,"column":47}}},"fnMap":{"0":{"name":"descriptionTemplatesListSoftware","decl":{"start":{"line":10,"column":16},"end":{"line":10,"column":48}},"loc":{"start":{"line":10,"column":80},"end":{"line":52,"column":1}}},"1":{"name":"executeTemplatesListSoftware","decl":{"start":{"line":54,"column":22},"end":{"line":54,"column":50}},"loc":{"start":{"line":54,"column":50},"end":{"line":62,"column":1}}}},"branchMap":{},"s":{"0":3,"1":3,"2":3,"3":2,"4":0,"5":0,"6":0,"7":0,"8":0},"f":{"0":2,"1":0},"b":{}}
,"/workspaces/n8n-nodes-ovhcloud/nodes/OvhCloud/actions/vps/resources/termination/request.operation.ts": {"path":"/workspaces/n8n-nodes-ovhcloud/nodes/OvhCloud/actions/vps/resources/termination/request.operation.ts","statementMap":{"0":{"start":{"line":10,"column":0},"end":{"line":10,"column":16}},"1":{"start":{"line":45,"column":0},"end":{"line":45,"column":7}},"2":{"start":{"line":8,"column":0},"end":{"line":8,"column":60}},"3":{"start":{"line":11,"column":1},"end":{"line":42,"column":3}},"4":{"start":{"line":46,"column":16},"end":{"line":46,"column":35}},"5":{"start":{"line":47,"column":21},"end":{"line":47,"column":94}},"6":{"start":{"line":49,"column":19},"end":{"line":49,"column":73}},"7":{"start":{"line":51,"column":1},"end":{"line":51,"column":47}}},"fnMap":{"0":{"name":"descriptionTerminationRequest","decl":{"start":{"line":10,"column":16},"end":{"line":10,"column":45}},"loc":{"start":{"line":10,"column":77},"end":{"line":43,"column":1}}},"1":{"name":"executeTerminationRequest","decl":{"start":{"line":45,"column":22},"end":{"line":45,"column":47}},"loc":{"start":{"line":45,"column":47},"end":{"line":52,"column":1}}}},"branchMap":{},"s":{"0":3,"1":3,"2":3,"3":1,"4":0,"5":0,"6":0,"7":0},"f":{"0":1,"1":0},"b":{}}
,"/workspaces/n8n-nodes-ovhcloud/nodes/OvhCloud/actions/vps/resources/veeam/deleteRestoredBackup.operation.ts": {"path":"/workspaces/n8n-nodes-ovhcloud/nodes/OvhCloud/actions/vps/resources/veeam/deleteRestoredBackup.operation.ts","statementMap":{"0":{"start":{"line":10,"column":0},"end":{"line":10,"column":16}},"1":{"start":{"line":45,"column":0},"end":{"line":45,"column":7}},"2":{"start":{"line":8,"column":0},"end":{"line":8,"column":60}},"3":{"start":{"line":11,"column":1},"end":{"line":42,"column":3}},"4":{"start":{"line":46,"column":16},"end":{"line":46,"column":35}},"5":{"start":{"line":47,"column":21},"end":{"line":47,"column":94}},"6":{"start":{"line":49,"column":19},"end":{"line":49,"column":86}},"7":{"start":{"line":51,"column":1},"end":{"line":51,"column":47}}},"fnMap":{"0":{"name":"descriptionVeeamDeleteRestoredBackup","decl":{"start":{"line":10,"column":16},"end":{"line":10,"column":52}},"loc":{"start":{"line":10,"column":84},"end":{"line":43,"column":1}}},"1":{"name":"executeVeeamDeleteRestoredBackup","decl":{"start":{"line":45,"column":22},"end":{"line":45,"column":54}},"loc":{"start":{"line":45,"column":54},"end":{"line":52,"column":1}}}},"branchMap":{},"s":{"0":3,"1":3,"2":3,"3":2,"4":0,"5":0,"6":0,"7":0},"f":{"0":2,"1":0},"b":{}}
,"/workspaces/n8n-nodes-ovhcloud/nodes/OvhCloud/actions/vps/resources/veeam/get.operation.ts": {"path":"/workspaces/n8n-nodes-ovhcloud/nodes/OvhCloud/actions/vps/resources/veeam/get.operation.ts","statementMap":{"0":{"start":{"line":10,"column":0},"end":{"line":10,"column":16}},"1":{"start":{"line":45,"column":0},"end":{"line":45,"column":7}},"2":{"start":{"line":8,"column":0},"end":{"line":8,"column":60}},"3":{"start":{"line":11,"column":1},"end":{"line":42,"column":3}},"4":{"start":{"line":46,"column":16},"end":{"line":46,"column":35}},"5":{"start":{"line":47,"column":21},"end":{"line":47,"column":94}},"6":{"start":{"line":49,"column":19},"end":{"line":49,"column":68}},"7":{"start":{"line":51,"column":1},"end":{"line":51,"column":47}}},"fnMap":{"0":{"name":"descriptionVeeamGet","decl":{"start":{"line":10,"column":16},"end":{"line":10,"column":35}},"loc":{"start":{"line":10,"column":67},"end":{"line":43,"column":1}}},"1":{"name":"executeVeeamGet","decl":{"start":{"line":45,"column":22},"end":{"line":45,"column":37}},"loc":{"start":{"line":45,"column":37},"end":{"line":52,"column":1}}}},"branchMap":{},"s":{"0":3,"1":3,"2":3,"3":2,"4":0,"5":0,"6":0,"7":0},"f":{"0":2,"1":0},"b":{}}
,"/workspaces/n8n-nodes-ovhcloud/nodes/OvhCloud/actions/vps/resources/veeam/getRestorePoint.operation.ts": {"path":"/workspaces/n8n-nodes-ovhcloud/nodes/OvhCloud/actions/vps/resources/veeam/getRestorePoint.operation.ts","statementMap":{"0":{"start":{"line":10,"column":0},"end":{"line":10,"column":16}},"1":{"start":{"line":54,"column":0},"end":{"line":54,"column":7}},"2":{"start":{"line":8,"column":0},"end":{"line":8,"column":60}},"3":{"start":{"line":11,"column":1},"end":{"line":51,"column":3}},"4":{"start":{"line":55,"column":16},"end":{"line":55,"column":35}},"5":{"start":{"line":56,"column":21},"end":{"line":56,"column":94}},"6":{"start":{"line":57,"column":24},"end":{"line":57,"column":76}},"7":{"start":{"line":59,"column":19},"end":{"line":59,"column":100}},"8":{"start":{"line":61,"column":1},"end":{"line":61,"column":47}}},"fnMap":{"0":{"name":"descriptionVeeamGetRestorePoint","decl":{"start":{"line":10,"column":16},"end":{"line":10,"column":47}},"loc":{"start":{"line":10,"column":79},"end":{"line":52,"column":1}}},"1":{"name":"executeVeeamGetRestorePoint","decl":{"start":{"line":54,"column":22},"end":{"line":54,"column":49}},"loc":{"start":{"line":54,"column":49},"end":{"line":62,"column":1}}}},"branchMap":{},"s":{"0":3,"1":3,"2":3,"3":2,"4":0,"5":0,"6":0,"7":0,"8":0},"f":{"0":2,"1":0},"b":{}}
,"/workspaces/n8n-nodes-ovhcloud/nodes/OvhCloud/actions/vps/resources/veeam/getRestoredBackup.operation.ts": {"path":"/workspaces/n8n-nodes-ovhcloud/nodes/OvhCloud/actions/vps/resources/veeam/getRestoredBackup.operation.ts","statementMap":{"0":{"start":{"line":10,"column":0},"end":{"line":10,"column":16}},"1":{"start":{"line":45,"column":0},"end":{"line":45,"column":7}},"2":{"start":{"line":8,"column":0},"end":{"line":8,"column":60}},"3":{"start":{"line":11,"column":1},"end":{"line":42,"column":3}},"4":{"start":{"line":46,"column":16},"end":{"line":46,"column":35}},"5":{"start":{"line":47,"column":21},"end":{"line":47,"column":94}},"6":{"start":{"line":49,"column":19},"end":{"line":49,"column":83}},"7":{"start":{"line":51,"column":1},"end":{"line":51,"column":47}}},"fnMap":{"0":{"name":"descriptionVeeamGetRestoredBackup","decl":{"start":{"line":10,"column":16},"end":{"line":10,"column":49}},"loc":{"start":{"line":10,"column":81},"end":{"line":43,"column":1}}},"1":{"name":"executeVeeamGetRestoredBackup","decl":{"start":{"line":45,"column":22},"end":{"line":45,"column":51}},"loc":{"start":{"line":45,"column":51},"end":{"line":52,"column":1}}}},"branchMap":{},"s":{"0":3,"1":3,"2":3,"3":2,"4":0,"5":0,"6":0,"7":0},"f":{"0":2,"1":0},"b":{}}
,"/workspaces/n8n-nodes-ovhcloud/nodes/OvhCloud/actions/vps/resources/veeam/listRestorePoints.operation.ts": {"path":"/workspaces/n8n-nodes-ovhcloud/nodes/OvhCloud/actions/vps/resources/veeam/listRestorePoints.operation.ts","statementMap":{"0":{"start":{"line":10,"column":0},"end":{"line":10,"column":16}},"1":{"start":{"line":45,"column":0},"end":{"line":45,"column":7}},"2":{"start":{"line":8,"column":0},"end":{"line":8,"column":60}},"3":{"start":{"line":11,"column":1},"end":{"line":42,"column":3}},"4":{"start":{"line":46,"column":16},"end":{"line":46,"column":35}},"5":{"start":{"line":47,"column":21},"end":{"line":47,"column":94}},"6":{"start":{"line":49,"column":19},"end":{"line":49,"column":82}},"7":{"start":{"line":51,"column":1},"end":{"line":51,"column":47}}},"fnMap":{"0":{"name":"descriptionVeeamListRestorePoints","decl":{"start":{"line":10,"column":16},"end":{"line":10,"column":49}},"loc":{"start":{"line":10,"column":81},"end":{"line":43,"column":1}}},"1":{"name":"executeVeeamListRestorePoints","decl":{"start":{"line":45,"column":22},"end":{"line":45,"column":51}},"loc":{"start":{"line":45,"column":51},"end":{"line":52,"column":1}}}},"branchMap":{},"s":{"0":3,"1":3,"2":3,"3":2,"4":0,"5":0,"6":0,"7":0},"f":{"0":2,"1":0},"b":{}}
,"/workspaces/n8n-nodes-ovhcloud/nodes/OvhCloud/actions/vps/resources/veeam/restoreRestorePoint.operation.ts": {"path":"/workspaces/n8n-nodes-ovhcloud/nodes/OvhCloud/actions/vps/resources/veeam/restoreRestorePoint.operation.ts","statementMap":{"0":{"start":{"line":10,"column":0},"end":{"line":10,"column":16}},"1":{"start":{"line":54,"column":0},"end":{"line":54,"column":7}},"2":{"start":{"line":8,"column":0},"end":{"line":8,"column":60}},"3":{"start":{"line":11,"column":1},"end":{"line":51,"column":3}},"4":{"start":{"line":55,"column":16},"end":{"line":55,"column":35}},"5":{"start":{"line":56,"column":21},"end":{"line":56,"column":94}},"6":{"start":{"line":57,"column":24},"end":{"line":57,"column":76}},"7":{"start":{"line":59,"column":19},"end":{"line":59,"column":109}},"8":{"start":{"line":61,"column":1},"end":{"line":61,"column":47}}},"fnMap":{"0":{"name":"descriptionVeeamRestoreRestorePoint","decl":{"start":{"line":10,"column":16},"end":{"line":10,"column":51}},"loc":{"start":{"line":10,"column":83},"end":{"line":52,"column":1}}},"1":{"name":"executeVeeamRestoreRestorePoint","decl":{"start":{"line":54,"column":22},"end":{"line":54,"column":53}},"loc":{"start":{"line":54,"column":53},"end":{"line":62,"column":1}}}},"branchMap":{},"s":{"0":3,"1":3,"2":3,"3":2,"4":0,"5":0,"6":0,"7":0,"8":0},"f":{"0":2,"1":0},"b":{}}
,"/workspaces/n8n-nodes-ovhcloud/nodes/OvhCloud/transport/ApiClient.ts": {"path":"/workspaces/n8n-nodes-ovhcloud/nodes/OvhCloud/transport/ApiClient.ts","statementMap":{"0":{"start":{"line":31,"column":0},"end":{"line":31,"column":9}},"1":{"start":{"line":31,"column":9},"end":{"line":31,"column":44}}},"fnMap":{"0":{"name":"(anonymous_0)","decl":{"start":{"line":31,"column":9},"end":{"line":31,"column":18}},"loc":{"start":{"line":31,"column":9},"end":{"line":31,"column":44}}}},"branchMap":{},"s":{"0":5,"1":25},"f":{"0":20},"b":{}}
,"/workspaces/n8n-nodes-ovhcloud/nodes/OvhCloud/transport/ApiClientImpl.ts": {"path":"/workspaces/n8n-nodes-ovhcloud/nodes/OvhCloud/transport/ApiClientImpl.ts","statementMap":{"0":{"start":{"line":3,"column":0},"end":{"line":3,"column":54}},"1":{"start":{"line":53,"column":2},"end":{"line":53,"column":15}},"2":{"start":{"line":63,"column":25},"end":{"line":63,"column":69}},"3":{"start":{"line":64,"column":2},"end":{"line":64,"column":68}},"4":{"start":{"line":81,"column":22},"end":{"line":81,"column":49}},"5":{"start":{"line":82,"column":2},"end":{"line":84,"column":4}},"6":{"start":{"line":103,"column":22},"end":{"line":103,"column":49}},"7":{"start":{"line":104,"column":2},"end":{"line":106,"column":4}},"8":{"start":{"line":125,"column":22},"end":{"line":125,"column":49}},"9":{"start":{"line":126,"column":2},"end":{"line":128,"column":4}},"10":{"start":{"line":145,"column":22},"end":{"line":145,"column":49}},"11":{"start":{"line":146,"column":2},"end":{"line":148,"column":4}},"12":{"start":{"line":42,"column":0},"end":{"line":42,"column":13}}},"fnMap":{"0":{"name":"(anonymous_0)","decl":{"start":{"line":52,"column":1},"end":{"line":52,"column":13}},"loc":{"start":{"line":52,"column":27},"end":{"line":54,"column":2}}},"1":{"name":"(anonymous_1)","decl":{"start":{"line":62,"column":9},"end":{"line":62,"column":14}},"loc":{"start":{"line":62,"column":29},"end":{"line":65,"column":2}}},"2":{"name":"(anonymous_2)","decl":{"start":{"line":76,"column":8},"end":{"line":76,"column":13}},"loc":{"start":{"line":79,"column":31},"end":{"line":85,"column":2}}},"3":{"name":"(anonymous_3)","decl":{"start":{"line":97,"column":8},"end":{"line":97,"column":13}},"loc":{"start":{"line":101,"column":31},"end":{"line":107,"column":2}}},"4":{"name":"(anonymous_4)","decl":{"start":{"line":119,"column":8},"end":{"line":119,"column":13}},"loc":{"start":{"line":123,"column":31},"end":{"line":129,"column":2}}},"5":{"name":"(anonymous_5)","decl":{"start":{"line":140,"column":8},"end":{"line":140,"column":13}},"loc":{"start":{"line":143,"column":31},"end":{"line":149,"column":2}}}},"branchMap":{},"s":{"0":5,"1":35,"2":34,"3":33,"4":11,"5":10,"6":11,"7":11,"8":6,"9":6,"10":6,"11":6,"12":5},"f":{"0":35,"1":34,"2":11,"3":11,"4":6,"5":6},"b":{}}
,"/workspaces/n8n-nodes-ovhcloud/nodes/OvhCloud/transport/CredentialHolder.ts": {"path":"/workspaces/n8n-nodes-ovhcloud/nodes/OvhCloud/transport/CredentialHolder.ts","statementMap":{"0":{"start":{"line":1,"column":0},"end":{"line":1,"column":36}},"1":{"start":{"line":69,"column":2},"end":{"line":69,"column":39}},"2":{"start":{"line":70,"column":2},"end":{"line":70,"column":35}},"3":{"start":{"line":71,"column":2},"end":{"line":71,"column":41}},"4":{"start":{"line":72,"column":2},"end":{"line":72,"column":45}},"5":{"start":{"line":73,"column":2},"end":{"line":80,"column":3}},"6":{"start":{"line":74,"column":3},"end":{"line":79,"column":4}},"7":{"start":{"line":78,"column":4},"end":{"line":78,"column":33}},"8":{"start":{"line":100,"column":55},"end":{"line":100,"column":59}},"9":{"start":{"line":101,"column":47},"end":{"line":101,"column":61}},"10":{"start":{"line":102,"column":18},"end":{"line":102,"column":39}},"11":{"start":{"line":103,"column":23},"end":{"line":103,"column":83}},"12":{"start":{"line":104,"column":14},"end":{"line":104,"column":88}},"13":{"start":{"line":105,"column":17},"end":{"line":105,"column":47}},"14":{"start":{"line":107,"column":3},"end":{"line":109,"column":43}},"15":{"start":{"line":110,"column":13},"end":{"line":110,"column":42}},"16":{"start":{"line":111,"column":26},"end":{"line":111,"column":73}},"17":{"start":{"line":113,"column":2},"end":{"line":113,"column":47}},"18":{"start":{"line":114,"column":2},"end":{"line":114,"column":40}},"19":{"start":{"line":115,"column":2},"end":{"line":115,"column":42}},"20":{"start":{"line":116,"column":2},"end":{"line":116,"column":45}},"21":{"start":{"line":117,"column":2},"end":{"line":118,"column":78}},"22":{"start":{"line":120,"column":2},"end":{"line":120,"column":65}},"23":{"start":{"line":56,"column":0},"end":{"line":56,"column":13}}},"fnMap":{"0":{"name":"(anonymous_0)","decl":{"start":{"line":68,"column":1},"end":{"line":68,"column":13}},"loc":{"start":{"line":68,"column":44},"end":{"line":81,"column":2}}},"1":{"name":"(anonymous_1)","decl":{"start":{"line":99,"column":1},"end":{"line":99,"column":5}},"loc":{"start":{"line":99,"column":41},"end":{"line":121,"column":2}}}},"branchMap":{"0":{"loc":{"start":{"line":74,"column":3},"end":{"line":79,"column":4}},"type":"if","locations":[{"start":{"line":74,"column":3},"end":{"line":79,"column":4}},{"start":{},"end":{}}]},"1":{"loc":{"start":{"line":75,"column":4},"end":{"line":76,"column":69}},"type":"binary-expr","locations":[{"start":{"line":75,"column":4},"end":{"line":75,"column":58}},{"start":{"line":76,"column":4},"end":{"line":76,"column":69}}]},"2":{"loc":{"start":{"line":101,"column":21},"end":{"line":101,"column":28}},"type":"default-arg","locations":[{"start":{"line":101,"column":26},"end":{"line":101,"column":28}}]},"3":{"loc":{"start":{"line":101,"column":30},"end":{"line":101,"column":42}},"type":"default-arg","locations":[{"start":{"line":101,"column":40},"end":{"line":101,"column":42}}]},"4":{"loc":{"start":{"line":104,"column":30},"end":{"line":104,"column":78}},"type":"cond-expr","locations":[{"start":{"line":104,"column":55},"end":{"line":104,"column":73}},{"start":{"line":104,"column":76},"end":{"line":104,"column":78}}]},"5":{"loc":{"start":{"line":105,"column":17},"end":{"line":105,"column":47}},"type":"binary-expr","locations":[{"start":{"line":105,"column":17},"end":{"line":105,"column":38}},{"start":{"line":105,"column":42},"end":{"line":105,"column":47}}]},"6":{"loc":{"start":{"line":107,"column":3},"end":{"line":109,"column":43}},"type":"cond-expr","locations":[{"start":{"line":108,"column":6},"end":{"line":108,"column":41}},{"start":{"line":109,"column":7},"end":{"line":109,"column":43}}]},"7":{"loc":{"start":{"line":109,"column":7},"end":{"line":109,"column":43}},"type":"binary-expr","locations":[{"start":{"line":109,"column":7},"end":{"line":109,"column":37}},{"start":{"line":109,"column":41},"end":{"line":109,"column":43}}]}},"s":{"0":6,"1":69,"2":69,"3":69,"4":69,"5":69,"6":278,"7":2,"8":70,"9":70,"10":70,"11":70,"12":70,"13":70,"14":70,"15":70,"16":70,"17":70,"18":70,"19":70,"20":70,"21":70,"22":70,"23":6},"f":{"0":69,"1":70},"b":{"0":[2,276],"1":[278,278],"2":[62],"3":[69],"4":[7,63],"5":[70,1],"6":[22,48],"7":[48,47]}}
}
