TN:
SF:nodes/OvhCloud/OvhCloud.node.ts
FN:69,(anonymous_0)
FN:214,(anonymous_1)
FNF:2
FNH:2
FNDA:1,(anonymous_0)
FNDA:30,(anonymous_1)
DA:1,1
DA:9,1
DA:10,1
DA:11,1
DA:12,1
DA:16,1
DA:17,1
DA:18,1
DA:19,1
DA:23,1
DA:27,1
DA:28,1
DA:29,1
DA:30,1
DA:31,1
DA:35,1
DA:39,1
DA:69,1
DA:71,1
DA:192,1
DA:215,30
DA:219,30
DA:221,2
DA:222,2
DA:224,2
DA:225,2
DA:227,2
DA:228,2
DA:230,2
DA:231,2
DA:233,2
DA:234,2
DA:236,2
DA:237,2
DA:239,2
DA:240,2
DA:242,2
DA:243,2
DA:245,2
DA:246,2
DA:248,2
DA:249,2
DA:251,2
DA:252,2
DA:254,2
DA:255,2
DA:257,2
DA:258,2
DA:260,2
DA:261,2
DA:263,2
DA:268,28
LF:52
LH:52
BRDA:219,0,0,2
BRDA:219,0,1,2
BRDA:219,0,2,2
BRDA:219,0,3,2
BRDA:219,0,4,2
BRDA:219,0,5,2
BRDA:219,0,6,2
BRDA:219,0,7,2
BRDA:219,0,8,2
BRDA:219,0,9,2
BRDA:219,0,10,2
BRDA:219,0,11,2
BRDA:219,0,12,2
BRDA:219,0,13,2
BRDA:219,0,14,2
BRF:15
BRH:15
end_of_record
TN:
SF:nodes/OvhCloud/actions/domain/get.operation.ts
FN:21,description
FN:46,execute
FNF:2
FNH:1
FNDA:0,description
FNDA:4,execute
DA:8,1
DA:21,1
DA:22,0
DA:46,1
DA:47,4
DA:48,4
DA:49,4
DA:50,3
LF:8
LH:7
BRF:0
BRH:0
end_of_record
TN:
SF:nodes/OvhCloud/actions/domain/list.operation.ts
FN:22,description
FN:37,execute
FN:40,(anonymous_2)
FNF:3
FNH:2
FNDA:0,description
FNDA:4,execute
FNDA:4,(anonymous_2)
DA:8,1
DA:22,1
DA:23,0
DA:37,1
DA:38,4
DA:39,4
DA:40,4
LF:7
LH:6
BRF:0
BRH:0
end_of_record
TN:
SF:nodes/OvhCloud/actions/me/get.operation.ts
FN:6,description
FN:10,execute
FNF:2
FNH:1
FNDA:0,description
FNDA:2,execute
DA:3,1
DA:6,1
DA:7,0
DA:10,1
DA:11,2
DA:12,2
DA:13,2
LF:7
LH:6
BRF:0
BRH:0
end_of_record
TN:
SF:nodes/OvhCloud/actions/vps/abortSnapshot.operation.ts
FN:10,description
FN:45,execute
FNF:2
FNH:1
FNDA:1,description
FNDA:0,execute
DA:8,1
DA:10,1
DA:11,1
DA:45,1
DA:46,0
DA:47,0
DA:49,0
DA:50,0
LF:8
LH:4
BRF:0
BRH:0
end_of_record
TN:
SF:nodes/OvhCloud/actions/vps/edit.operation.ts
FN:10,description
FN:61,execute
FNF:2
FNH:1
FNDA:1,description
FNDA:0,execute
DA:8,1
DA:10,1
DA:11,1
DA:61,1
DA:62,0
DA:63,0
DA:65,0
DA:66,0
DA:67,0
DA:69,0
DA:70,0
DA:72,0
DA:73,0
DA:76,0
DA:78,0
DA:79,0
LF:16
LH:4
BRDA:69,0,0,0
BRDA:69,0,1,0
BRDA:72,1,0,0
BRDA:72,1,1,0
BRF:4
BRH:0
end_of_record
TN:
SF:nodes/OvhCloud/actions/vps/get.operation.ts
FN:19,description
FN:69,execute
FNF:2
FNH:2
FNDA:1,description
FNDA:4,execute
DA:8,2
DA:19,2
DA:20,1
DA:69,2
DA:70,4
DA:71,4
DA:73,4
DA:74,3
LF:8
LH:8
BRF:0
BRH:0
end_of_record
TN:
SF:nodes/OvhCloud/actions/vps/list.operation.ts
FN:11,description
FN:15,execute
FN:18,(anonymous_2)
FNF:3
FNH:1
FNDA:1,description
FNDA:0,execute
FNDA:0,(anonymous_2)
DA:8,1
DA:11,1
DA:12,1
DA:15,1
DA:16,0
DA:17,0
DA:18,0
LF:7
LH:4
BRF:0
BRH:0
end_of_record
TN:
SF:nodes/OvhCloud/actions/vps/resources/automatedBackup/detach.operation.ts
FN:10,descriptionAutomatedBackupDetach
FN:54,executeAutomatedBackupDetach
FNF:2
FNH:1
FNDA:1,descriptionAutomatedBackupDetach
FNDA:0,executeAutomatedBackupDetach
DA:8,3
DA:10,3
DA:11,1
DA:54,3
DA:55,0
DA:56,0
DA:57,0
DA:59,0
DA:63,0
LF:9
LH:4
BRF:0
BRH:0
end_of_record
TN:
SF:nodes/OvhCloud/actions/vps/resources/automatedBackup/get.operation.ts
FN:10,description
FN:45,execute
FNF:2
FNH:2
FNDA:1,description
FNDA:1,execute
DA:8,3
DA:10,3
DA:11,1
DA:45,3
DA:46,1
DA:47,1
DA:49,1
DA:53,1
LF:8
LH:8
BRF:0
BRH:0
end_of_record
TN:
SF:nodes/OvhCloud/actions/vps/resources/automatedBackup/listAttached.operation.ts
FN:10,descriptionAutomatedBackupListAttached
FN:45,executeAutomatedBackupListAttached
FNF:2
FNH:1
FNDA:1,descriptionAutomatedBackupListAttached
FNDA:0,executeAutomatedBackupListAttached
DA:8,2
DA:10,2
DA:11,1
DA:45,2
DA:46,0
DA:47,0
DA:49,0
DA:53,0
LF:8
LH:4
BRF:0
BRH:0
end_of_record
TN:
SF:nodes/OvhCloud/actions/vps/resources/automatedBackup/listRestorePoints.operation.ts
FN:10,descriptionAutomatedBackupListRestorePoints
FN:45,executeAutomatedBackupListRestorePoints
FNF:2
FNH:1
FNDA:1,descriptionAutomatedBackupListRestorePoints
FNDA:0,executeAutomatedBackupListRestorePoints
DA:8,3
DA:10,3
DA:11,1
DA:45,3
DA:46,0
DA:47,0
DA:49,0
DA:51,0
LF:8
LH:4
BRF:0
BRH:0
end_of_record
TN:
SF:nodes/OvhCloud/actions/vps/resources/automatedBackup/reschedule.operation.ts
FN:10,descriptionAutomatedBackupReschedule
FN:56,executeAutomatedBackupReschedule
FNF:2
FNH:1
FNDA:1,descriptionAutomatedBackupReschedule
FNDA:0,executeAutomatedBackupReschedule
DA:8,3
DA:10,3
DA:13,1
DA:56,3
DA:59,0
DA:60,0
DA:61,0
DA:63,0
DA:67,0
LF:9
LH:4
BRF:0
BRH:0
end_of_record
TN:
SF:nodes/OvhCloud/actions/vps/resources/automatedBackup/restore.operation.ts
FN:10,descriptionAutomatedBackupRestore
FN:54,executeAutomatedBackupRestore
FNF:2
FNH:1
FNDA:1,descriptionAutomatedBackupRestore
FNDA:0,executeAutomatedBackupRestore
DA:8,3
DA:10,3
DA:11,1
DA:54,3
DA:55,0
DA:56,0
DA:57,0
DA:59,0
DA:63,0
LF:9
LH:4
BRF:0
BRH:0
end_of_record
TN:
SF:nodes/OvhCloud/actions/vps/resources/availableUpgrade/get.operation.ts
FN:10,description
FN:45,execute
FNF:2
FNH:1
FNDA:1,description
FNDA:0,execute
DA:8,3
DA:10,3
DA:11,1
DA:45,3
DA:46,0
DA:47,0
DA:49,0
DA:53,0
LF:8
LH:4
BRF:0
BRH:0
end_of_record
TN:
SF:nodes/OvhCloud/actions/vps/resources/backupftp/createAcl.operation.ts
FN:10,descriptionBackupFtpCreateAcl
FN:54,executeBackupFtpCreateAcl
FNF:2
FNH:1
FNDA:1,descriptionBackupFtpCreateAcl
FNDA:0,executeBackupFtpCreateAcl
DA:8,3
DA:10,3
DA:11,1
DA:54,3
DA:55,0
DA:56,0
DA:57,0
DA:59,0
DA:63,0
LF:9
LH:4
BRF:0
BRH:0
end_of_record
TN:
SF:nodes/OvhCloud/actions/vps/resources/backupftp/deleteAcl.operation.ts
FN:10,descriptionBackupFtpDeleteAcl
FN:54,executeBackupFtpDeleteAcl
FNF:2
FNH:1
FNDA:1,descriptionBackupFtpDeleteAcl
FNDA:0,executeBackupFtpDeleteAcl
DA:8,3
DA:10,3
DA:11,1
DA:54,3
DA:55,0
DA:56,0
DA:57,0
DA:59,0
DA:61,0
LF:9
LH:4
BRF:0
BRH:0
end_of_record
TN:
SF:nodes/OvhCloud/actions/vps/resources/backupftp/get.operation.ts
FN:10,description
FN:45,execute
FNF:2
FNH:2
FNDA:1,description
FNDA:1,execute
DA:8,3
DA:10,3
DA:11,1
DA:45,3
DA:46,1
DA:47,1
DA:49,1
DA:51,1
LF:8
LH:8
BRF:0
BRH:0
end_of_record
TN:
SF:nodes/OvhCloud/actions/vps/resources/backupftp/getAcl.operation.ts
FN:10,descriptionBackupFtpGetAcl
FN:54,executeBackupFtpGetAcl
FNF:2
FNH:1
FNDA:1,descriptionBackupFtpGetAcl
FNDA:0,executeBackupFtpGetAcl
DA:8,3
DA:10,3
DA:11,1
DA:54,3
DA:55,0
DA:56,0
DA:57,0
DA:59,0
DA:61,0
LF:9
LH:4
BRF:0
BRH:0
end_of_record
TN:
SF:nodes/OvhCloud/actions/vps/resources/backupftp/listAcls.operation.ts
FN:10,descriptionBackupFtpListAcls
FN:45,executeBackupFtpListAcls
FNF:2
FNH:1
FNDA:1,descriptionBackupFtpListAcls
FNDA:0,executeBackupFtpListAcls
DA:8,2
DA:10,2
DA:11,1
DA:45,2
DA:46,0
DA:47,0
DA:49,0
DA:51,0
LF:8
LH:4
BRF:0
BRH:0
end_of_record
TN:
SF:nodes/OvhCloud/actions/vps/resources/backupftp/listAuthorizableBlocks.operation.ts
FN:10,descriptionBackupFtpListAuthorizableBlocks
FN:45,executeBackupFtpListAuthorizableBlocks
FNF:2
FNH:1
FNDA:1,descriptionBackupFtpListAuthorizableBlocks
FNDA:0,executeBackupFtpListAuthorizableBlocks
DA:8,3
DA:10,3
DA:11,1
DA:45,3
DA:46,0
DA:47,0
DA:49,0
DA:51,0
LF:8
LH:4
BRF:0
BRH:0
end_of_record
TN:
SF:nodes/OvhCloud/actions/vps/resources/backupftp/setPassword.operation.ts
FN:10,descriptionBackupFtpSetPassword
FN:57,executeBackupFtpSetPassword
FNF:2
FNH:1
FNDA:1,descriptionBackupFtpSetPassword
FNDA:0,executeBackupFtpSetPassword
DA:8,3
DA:10,3
DA:11,1
DA:57,3
DA:58,0
DA:59,0
DA:60,0
DA:62,0
DA:66,0
LF:9
LH:4
BRF:0
BRH:0
end_of_record
TN:
SF:nodes/OvhCloud/actions/vps/resources/backupftp/updateAcl.operation.ts
FN:10,descriptionBackupFtpUpdateAcl
FN:54,executeBackupFtpUpdateAcl
FNF:2
FNH:1
FNDA:1,descriptionBackupFtpUpdateAcl
FNDA:0,executeBackupFtpUpdateAcl
DA:8,3
DA:10,3
DA:11,1
DA:54,3
DA:55,0
DA:56,0
DA:57,0
DA:59,0
DA:61,0
LF:9
LH:4
BRF:0
BRH:0
end_of_record
TN:
SF:nodes/OvhCloud/actions/vps/resources/confirmTermination/create.operation.ts
FN:18,description
FN:79,execute
FNF:2
FNH:1
FNDA:1,description
FNDA:0,execute
DA:8,3
DA:18,3
DA:19,1
DA:79,3
DA:80,0
DA:81,0
DA:84,0
DA:85,0
DA:87,0
DA:88,0
DA:89,0
DA:92,0
DA:96,0
LF:13
LH:4
BRDA:88,0,0,0
BRDA:88,0,1,0
BRF:2
BRH:0
end_of_record
TN:
SF:nodes/OvhCloud/actions/vps/resources/console/getUrl.operation.ts
FN:18,description
FN:61,execute
FNF:2
FNH:1
FNDA:1,description
FNDA:0,execute
DA:8,3
DA:18,3
DA:19,1
DA:61,3
DA:62,0
DA:63,0
DA:67,0
DA:69,0
LF:8
LH:4
BRF:0
BRH:0
end_of_record
TN:
SF:nodes/OvhCloud/actions/vps/resources/console/openAccess.operation.ts
FN:16,descriptionConsoleOpenAccess
FN:57,executeConsoleOpenAccess
FNF:2
FNH:1
FNDA:2,descriptionConsoleOpenAccess
FNDA:0,executeConsoleOpenAccess
DA:8,3
DA:16,3
DA:17,2
DA:57,3
DA:58,0
DA:59,0
DA:61,0
DA:63,0
LF:8
LH:4
BRF:0
BRH:0
end_of_record
TN:
SF:nodes/OvhCloud/actions/vps/resources/contactChange/create.operation.ts
FN:18,description
FN:85,execute
FNF:2
FNH:1
FNDA:1,description
FNDA:0,execute
DA:8,3
DA:18,3
DA:19,1
DA:85,3
DA:86,0
DA:87,0
DA:90,0
DA:91,0
DA:92,0
DA:94,0
DA:95,0
DA:96,0
DA:98,0
DA:99,0
DA:101,0
DA:102,0
DA:105,0
DA:109,0
LF:18
LH:4
BRDA:95,0,0,0
BRDA:95,0,1,0
BRDA:98,1,0,0
BRDA:98,1,1,0
BRDA:101,2,0,0
BRDA:101,2,1,0
BRF:6
BRH:0
end_of_record
TN:
SF:nodes/OvhCloud/actions/vps/resources/datacenter/get.operation.ts
FN:10,description
FN:45,execute
FNF:2
FNH:1
FNDA:1,description
FNDA:0,execute
DA:8,3
DA:10,3
DA:11,1
DA:45,3
DA:46,0
DA:47,0
DA:49,0
DA:51,0
LF:8
LH:4
BRF:0
BRH:0
end_of_record
TN:
SF:nodes/OvhCloud/actions/vps/resources/datacenter/list.operation.ts
FN:11,descriptionDatacenterList
FN:18,(anonymous_1)
FN:24,executeDatacenterList
FN:30,(anonymous_3)
FNF:4
FNH:0
FNDA:0,descriptionDatacenterList
FNDA:0,(anonymous_1)
FNDA:0,executeDatacenterList
FNDA:0,(anonymous_3)
DA:8,3
DA:9,3
DA:11,3
DA:12,0
DA:18,0
DA:24,3
DA:27,0
DA:28,0
DA:29,0
DA:30,0
LF:10
LH:4
BRF:0
BRH:0
end_of_record
TN:
SF:nodes/OvhCloud/actions/vps/resources/disks/get.operation.ts
FN:18,description
FN:77,execute
FNF:2
FNH:1
FNDA:1,description
FNDA:0,execute
DA:8,2
DA:18,2
DA:19,1
DA:77,2
DA:78,0
DA:79,0
DA:82,0
DA:84,0
DA:85,0
LF:9
LH:4
BRF:0
BRH:0
end_of_record
TN:
SF:nodes/OvhCloud/actions/vps/resources/disks/getMonitoring.operation.ts
FN:18,descriptionDisksGetMonitoring
FN:120,executeDisksGetMonitoring
FNF:2
FNH:1
FNDA:1,descriptionDisksGetMonitoring
FNDA:0,executeDisksGetMonitoring
DA:8,2
DA:18,2
DA:19,1
DA:120,2
DA:123,0
DA:124,0
DA:127,0
DA:128,0
DA:129,0
DA:131,0
DA:136,0
LF:11
LH:4
BRF:0
BRH:0
end_of_record
TN:
SF:nodes/OvhCloud/actions/vps/resources/disks/getUsage.operation.ts
FN:18,descriptionDisksGetUsage
FN:97,executeDisksGetUsage
FNF:2
FNH:1
FNDA:1,descriptionDisksGetUsage
FNDA:0,executeDisksGetUsage
DA:8,2
DA:18,2
DA:19,1
DA:97,2
DA:98,0
DA:99,0
DA:102,0
DA:103,0
DA:105,0
DA:109,0
LF:10
LH:4
BRF:0
BRH:0
end_of_record
TN:
SF:nodes/OvhCloud/actions/vps/resources/disks/list.operation.ts
FN:18,descriptionDisksList
FN:68,executeDisksList
FNF:2
FNH:1
FNDA:1,descriptionDisksList
FNDA:0,executeDisksList
DA:8,2
DA:18,2
DA:19,1
DA:68,2
DA:69,0
DA:70,0
DA:74,0
DA:75,0
LF:8
LH:4
BRF:0
BRH:0
end_of_record
TN:
SF:nodes/OvhCloud/actions/vps/resources/disks/update.operation.ts
FN:10,descriptionDisksUpdate
FN:62,executeDisksUpdate
FNF:2
FNH:1
FNDA:1,descriptionDisksUpdate
FNDA:0,executeDisksUpdate
DA:8,2
DA:10,2
DA:11,1
DA:62,2
DA:63,0
DA:64,0
DA:65,0
DA:66,0
DA:68,0
DA:69,0
DA:70,0
DA:75,0
DA:77,0
DA:78,0
LF:14
LH:4
BRF:0
BRH:0
end_of_record
TN:
SF:nodes/OvhCloud/actions/vps/resources/distribution/get.operation.ts
FN:10,description
FN:45,execute
FNF:2
FNH:1
FNDA:1,description
FNDA:0,execute
DA:8,3
DA:10,3
DA:11,1
DA:45,3
DA:46,0
DA:47,0
DA:49,0
DA:51,0
LF:8
LH:4
BRF:0
BRH:0
end_of_record
TN:
SF:nodes/OvhCloud/actions/vps/resources/distribution/getSoftware.operation.ts
FN:18,descriptionDistributionGetSoftware
FN:72,executeDistributionGetSoftware
FNF:2
FNH:1
FNDA:1,descriptionDistributionGetSoftware
FNDA:0,executeDistributionGetSoftware
DA:8,3
DA:18,3
DA:21,1
DA:72,3
DA:75,0
DA:76,0
DA:79,0
DA:81,0
DA:85,0
LF:9
LH:4
BRF:0
BRH:0
end_of_record
TN:
SF:nodes/OvhCloud/actions/vps/resources/distribution/listSoftware.operation.ts
FN:18,descriptionDistributionListSoftware
FN:63,executeDistributionListSoftware
FNF:2
FNH:1
FNDA:1,descriptionDistributionListSoftware
FNDA:0,executeDistributionListSoftware
DA:8,3
DA:18,3
DA:21,1
DA:63,3
DA:66,0
DA:67,0
DA:71,0
DA:75,0
LF:8
LH:4
BRF:0
BRH:0
end_of_record
TN:
SF:nodes/OvhCloud/actions/vps/resources/images/getCurrent.operation.ts
FN:18,description
FN:61,execute
FNF:2
FNH:1
FNDA:1,description
FNDA:0,execute
DA:8,3
DA:18,3
DA:19,1
DA:61,3
DA:62,0
DA:63,0
DA:67,0
DA:69,0
LF:8
LH:4
BRF:0
BRH:0
end_of_record
TN:
SF:nodes/OvhCloud/actions/vps/resources/images/getDetails.operation.ts
FN:18,descriptionImagesGetDetails
FN:70,executeImagesGetDetails
FNF:2
FNH:0
FNDA:0,descriptionImagesGetDetails
FNDA:0,executeImagesGetDetails
DA:8,3
DA:18,3
DA:19,0
DA:70,3
DA:73,0
DA:74,0
DA:77,0
DA:79,0
DA:83,0
LF:9
LH:3
BRF:0
BRH:0
end_of_record
TN:
SF:nodes/OvhCloud/actions/vps/resources/images/listAvailable.operation.ts
FN:18,descriptionImagesListAvailable
FN:61,executeImagesListAvailable
FNF:2
FNH:0
FNDA:0,descriptionImagesListAvailable
FNDA:0,executeImagesListAvailable
DA:8,3
DA:18,3
DA:19,0
DA:61,3
DA:64,0
DA:65,0
DA:69,0
DA:71,0
LF:8
LH:3
BRF:0
BRH:0
end_of_record
TN:
SF:nodes/OvhCloud/actions/vps/resources/ipCountryAvailable/get.operation.ts
FN:10,description
FN:45,execute
FNF:2
FNH:1
FNDA:1,description
FNDA:0,execute
DA:8,3
DA:10,3
DA:11,1
DA:45,3
DA:46,0
DA:47,0
DA:49,0
DA:53,0
LF:8
LH:4
BRF:0
BRH:0
end_of_record
TN:
SF:nodes/OvhCloud/actions/vps/resources/ips/get.operation.ts
FN:18,descriptionIpsGet
FN:70,executeIpsGet
FNF:2
FNH:1
FNDA:1,descriptionIpsGet
FNDA:0,executeIpsGet
DA:8,2
DA:18,2
DA:19,1
DA:70,2
DA:71,0
DA:72,0
DA:75,0
DA:77,0
DA:79,0
LF:9
LH:4
BRF:0
BRH:0
end_of_record
TN:
SF:nodes/OvhCloud/actions/vps/resources/ips/list.operation.ts
FN:10,description
FN:45,execute
FNF:2
FNH:2
FNDA:1,description
FNDA:1,execute
DA:8,3
DA:10,3
DA:11,1
DA:45,3
DA:46,1
DA:47,1
DA:48,1
DA:50,1
LF:8
LH:8
BRF:0
BRH:0
end_of_record
TN:
SF:nodes/OvhCloud/actions/vps/resources/ips/release.operation.ts
FN:18,descriptionIpsRelease
FN:70,executeIpsRelease
FNF:2
FNH:1
FNDA:1,descriptionIpsRelease
FNDA:0,executeIpsRelease
DA:8,2
DA:18,2
DA:19,1
DA:70,2
DA:71,0
DA:72,0
DA:75,0
DA:77,0
DA:79,0
LF:9
LH:4
BRF:0
BRH:0
end_of_record
TN:
SF:nodes/OvhCloud/actions/vps/resources/ips/update.operation.ts
FN:18,descriptionIpsUpdate
FN:78,executeIpsUpdate
FNF:2
FNH:1
FNDA:1,descriptionIpsUpdate
FNDA:0,executeIpsUpdate
DA:8,2
DA:18,2
DA:19,1
DA:78,2
DA:79,0
DA:80,0
DA:83,0
DA:84,0
DA:86,0
DA:87,0
DA:88,0
DA:93,0
DA:95,0
DA:97,0
LF:14
LH:4
BRF:0
BRH:0
end_of_record
TN:
SF:nodes/OvhCloud/actions/vps/resources/migration2020/cancel.operation.ts
FN:18,descriptionMigration2020Cancel
FN:61,executeMigration2020Cancel
FNF:2
FNH:1
FNDA:1,descriptionMigration2020Cancel
FNDA:0,executeMigration2020Cancel
DA:8,3
DA:18,3
DA:19,1
DA:61,3
DA:64,0
DA:65,0
DA:69,0
DA:71,0
LF:8
LH:4
BRF:0
BRH:0
end_of_record
TN:
SF:nodes/OvhCloud/actions/vps/resources/migration2020/get.operation.ts
FN:18,description
FN:61,execute
FNF:2
FNH:1
FNDA:1,description
FNDA:0,execute
DA:8,3
DA:18,3
DA:19,1
DA:61,3
DA:62,0
DA:63,0
DA:67,0
DA:69,0
LF:8
LH:4
BRF:0
BRH:0
end_of_record
TN:
SF:nodes/OvhCloud/actions/vps/resources/migration2020/request.operation.ts
FN:16,descriptionMigration2020Request
FN:57,executeMigration2020Request
FNF:2
FNH:1
FNDA:1,descriptionMigration2020Request
FNDA:0,executeMigration2020Request
DA:8,3
DA:16,3
DA:17,1
DA:57,3
DA:58,0
DA:59,0
DA:61,0
DA:63,0
LF:8
LH:4
BRF:0
BRH:0
end_of_record
TN:
SF:nodes/OvhCloud/actions/vps/resources/migration2020/update.operation.ts
FN:16,descriptionMigration2020Update
FN:57,executeMigration2020Update
FNF:2
FNH:1
FNDA:1,descriptionMigration2020Update
FNDA:0,executeMigration2020Update
DA:8,3
DA:16,3
DA:17,1
DA:57,3
DA:58,0
DA:59,0
DA:61,0
DA:63,0
LF:8
LH:4
BRF:0
BRH:0
end_of_record
TN:
SF:nodes/OvhCloud/actions/vps/resources/models/list.operation.ts
FN:10,description
FN:45,execute
FNF:2
FNH:1
FNDA:1,description
FNDA:0,execute
DA:8,3
DA:10,3
DA:11,1
DA:45,3
DA:46,0
DA:47,0
DA:48,0
DA:50,0
LF:8
LH:4
BRF:0
BRH:0
end_of_record
TN:
SF:nodes/OvhCloud/actions/vps/resources/option/get.operation.ts
FN:10,description
FN:45,execute
FNF:2
FNH:1
FNDA:1,description
FNDA:0,execute
DA:8,3
DA:10,3
DA:11,1
DA:45,3
DA:46,0
DA:47,0
DA:49,0
DA:51,0
LF:8
LH:4
BRF:0
BRH:0
end_of_record
TN:
SF:nodes/OvhCloud/actions/vps/resources/option/getOption.operation.ts
FN:10,descriptionOptionGetOption
FN:54,executeOptionGetOption
FNF:2
FNH:1
FNDA:1,descriptionOptionGetOption
FNDA:0,executeOptionGetOption
DA:8,3
DA:10,3
DA:11,1
DA:54,3
DA:55,0
DA:56,0
DA:57,0
DA:59,0
DA:61,0
LF:9
LH:4
BRF:0
BRH:0
end_of_record
TN:
SF:nodes/OvhCloud/actions/vps/resources/password/setRootPassword.operation.ts
FN:10,descriptionPasswordSetRootPassword
FN:55,executePasswordSetRootPassword
FNF:2
FNH:1
FNDA:1,descriptionPasswordSetRootPassword
FNDA:0,executePasswordSetRootPassword
DA:8,3
DA:10,3
DA:11,1
DA:55,3
DA:56,0
DA:57,0
DA:58,0
DA:60,0
DA:64,0
LF:9
LH:4
BRF:0
BRH:0
end_of_record
TN:
SF:nodes/OvhCloud/actions/vps/resources/power/reboot.operation.ts
FN:16,descriptionPowerReboot
FN:57,executePowerReboot
FNF:2
FNH:2
FNDA:2,descriptionPowerReboot
FNDA:1,executePowerReboot
DA:8,3
DA:16,3
DA:17,2
DA:57,3
DA:58,1
DA:59,1
DA:61,1
DA:63,1
LF:8
LH:8
BRF:0
BRH:0
end_of_record
TN:
SF:nodes/OvhCloud/actions/vps/resources/power/start.operation.ts
FN:16,descriptionPowerStart
FN:57,executePowerStart
FNF:2
FNH:2
FNDA:2,descriptionPowerStart
FNDA:4,executePowerStart
DA:8,4
DA:16,4
DA:17,2
DA:57,4
DA:58,4
DA:59,4
DA:61,4
DA:63,3
LF:8
LH:8
BRF:0
BRH:0
end_of_record
TN:
SF:nodes/OvhCloud/actions/vps/resources/power/stop.operation.ts
FN:16,descriptionPowerStop
FN:57,executePowerStop
FNF:2
FNH:2
FNDA:2,descriptionPowerStop
FNDA:1,executePowerStop
DA:8,3
DA:16,3
DA:17,2
DA:57,3
DA:58,1
DA:59,1
DA:61,1
DA:63,1
LF:8
LH:8
BRF:0
BRH:0
end_of_record
TN:
SF:nodes/OvhCloud/actions/vps/resources/reinstall/create.operation.ts
FN:10,descriptionReinstallCreate
FN:70,executeReinstallCreate
FNF:2
FNH:1
FNDA:1,descriptionReinstallCreate
FNDA:0,executeReinstallCreate
DA:8,3
DA:10,3
DA:11,1
DA:70,3
DA:71,0
DA:72,0
DA:73,0
DA:74,0
DA:75,0
DA:77,0
DA:78,0
DA:79,0
DA:81,0
DA:82,0
DA:85,0
DA:89,0
LF:16
LH:4
BRDA:78,0,0,0
BRDA:78,0,1,0
BRDA:81,1,0,0
BRDA:81,1,1,0
BRF:4
BRH:0
end_of_record
TN:
SF:nodes/OvhCloud/actions/vps/resources/secondaryDnsDomains/createDomain.operation.ts
FN:10,descriptionSecondaryDnsDomainsCreateDomain
FN:54,executeSecondaryDnsDomainsCreateDomain
FNF:2
FNH:1
FNDA:1,descriptionSecondaryDnsDomainsCreateDomain
FNDA:0,executeSecondaryDnsDomainsCreateDomain
DA:8,3
DA:10,3
DA:11,1
DA:54,3
DA:55,0
DA:56,0
DA:57,0
DA:59,0
DA:63,0
LF:9
LH:4
BRF:0
BRH:0
end_of_record
TN:
SF:nodes/OvhCloud/actions/vps/resources/secondaryDnsDomains/deleteDomain.operation.ts
FN:10,descriptionSecondaryDnsDomainsDeleteDomain
FN:54,executeSecondaryDnsDomainsDeleteDomain
FNF:2
FNH:1
FNDA:1,descriptionSecondaryDnsDomainsDeleteDomain
FNDA:0,executeSecondaryDnsDomainsDeleteDomain
DA:8,3
DA:10,3
DA:11,1
DA:54,3
DA:55,0
DA:56,0
DA:57,0
DA:59,0
DA:61,0
LF:9
LH:4
BRF:0
BRH:0
end_of_record
TN:
SF:nodes/OvhCloud/actions/vps/resources/secondaryDnsDomains/getAvailableNameServer.operation.ts
FN:10,descriptionSecondaryDnsDomainsGetAvailableNameServer
FN:45,executeSecondaryDnsDomainsGetAvailableNameServer
FNF:2
FNH:1
FNDA:1,descriptionSecondaryDnsDomainsGetAvailableNameServer
FNDA:0,executeSecondaryDnsDomainsGetAvailableNameServer
DA:8,3
DA:10,3
DA:11,1
DA:45,3
DA:46,0
DA:47,0
DA:49,0
DA:51,0
LF:8
LH:4
BRF:0
BRH:0
end_of_record
TN:
SF:nodes/OvhCloud/actions/vps/resources/secondaryDnsDomains/getDomain.operation.ts
FN:10,descriptionSecondaryDnsDomainsGetDomain
FN:54,executeSecondaryDnsDomainsGetDomain
FNF:2
FNH:1
FNDA:1,descriptionSecondaryDnsDomainsGetDomain
FNDA:0,executeSecondaryDnsDomainsGetDomain
DA:8,3
DA:10,3
DA:11,1
DA:54,3
DA:55,0
DA:56,0
DA:57,0
DA:59,0
DA:61,0
LF:9
LH:4
BRF:0
BRH:0
end_of_record
TN:
SF:nodes/OvhCloud/actions/vps/resources/secondaryDnsDomains/getNameServer.operation.ts
FN:10,descriptionSecondaryDnsDomainsGetNameServer
FN:54,executeSecondaryDnsDomainsGetNameServer
FNF:2
FNH:1
FNDA:1,descriptionSecondaryDnsDomainsGetNameServer
FNDA:0,executeSecondaryDnsDomainsGetNameServer
DA:8,3
DA:10,3
DA:11,1
DA:54,3
DA:55,0
DA:56,0
DA:57,0
DA:59,0
DA:61,0
LF:9
LH:4
BRF:0
BRH:0
end_of_record
TN:
SF:nodes/OvhCloud/actions/vps/resources/secondaryDnsDomains/list.operation.ts
FN:10,description
FN:45,execute
FNF:2
FNH:1
FNDA:1,description
FNDA:0,execute
DA:8,3
DA:10,3
DA:11,1
DA:45,3
DA:46,0
DA:47,0
DA:49,0
DA:53,0
LF:8
LH:4
BRF:0
BRH:0
end_of_record
TN:
SF:nodes/OvhCloud/actions/vps/resources/serviceInfos/get.operation.ts
FN:10,description
FN:45,execute
FNF:2
FNH:1
FNDA:1,description
FNDA:0,execute
DA:8,3
DA:10,3
DA:11,1
DA:45,3
DA:46,0
DA:47,0
DA:48,0
DA:50,0
LF:8
LH:4
BRF:0
BRH:0
end_of_record
TN:
SF:nodes/OvhCloud/actions/vps/resources/serviceInfos/update.operation.ts
FN:10,descriptionServiceInfosUpdate
FN:45,executeServiceInfosUpdate
FNF:2
FNH:1
FNDA:1,descriptionServiceInfosUpdate
FNDA:0,executeServiceInfosUpdate
DA:8,3
DA:10,3
DA:11,1
DA:45,3
DA:46,0
DA:47,0
DA:49,0
DA:51,0
LF:8
LH:4
BRF:0
BRH:0
end_of_record
TN:
SF:nodes/OvhCloud/actions/vps/resources/snapshot/create.operation.ts
FN:18,description
FN:76,execute
FNF:2
FNH:2
FNDA:1,description
FNDA:1,execute
DA:8,3
DA:18,3
DA:19,1
DA:76,3
DA:77,1
DA:78,1
DA:79,1
DA:81,1
DA:82,1
DA:83,0
DA:86,1
DA:90,1
LF:12
LH:11
BRDA:82,0,0,0
BRDA:82,0,1,1
BRF:2
BRH:1
end_of_record
TN:
SF:nodes/OvhCloud/actions/vps/resources/snapshot/delete.operation.ts
FN:16,descriptionSnapshotDelete
FN:57,executeSnapshotDelete
FNF:2
FNH:1
FNDA:2,descriptionSnapshotDelete
FNDA:0,executeSnapshotDelete
DA:8,2
DA:16,2
DA:17,2
DA:57,2
DA:60,0
DA:61,0
DA:63,0
DA:65,0
LF:8
LH:4
BRF:0
BRH:0
end_of_record
TN:
SF:nodes/OvhCloud/actions/vps/resources/snapshot/download.operation.ts
FN:16,descriptionSnapshotDownload
FN:57,executeSnapshotDownload
FNF:2
FNH:1
FNDA:2,descriptionSnapshotDownload
FNDA:0,executeSnapshotDownload
DA:8,2
DA:16,2
DA:17,2
DA:57,2
DA:58,0
DA:59,0
DA:61,0
DA:63,0
LF:8
LH:4
BRF:0
BRH:0
end_of_record
TN:
SF:nodes/OvhCloud/actions/vps/resources/snapshot/get.operation.ts
FN:10,description
FN:45,execute
FNF:2
FNH:1
FNDA:1,description
FNDA:0,execute
DA:8,3
DA:10,3
DA:11,1
DA:45,3
DA:46,0
DA:47,0
DA:48,0
DA:50,0
LF:8
LH:4
BRF:0
BRH:0
end_of_record
TN:
SF:nodes/OvhCloud/actions/vps/resources/snapshot/revert.operation.ts
FN:16,descriptionSnapshotRevert
FN:57,executeSnapshotRevert
FNF:2
FNH:1
FNDA:2,descriptionSnapshotRevert
FNDA:0,executeSnapshotRevert
DA:8,2
DA:16,2
DA:17,2
DA:57,2
DA:60,0
DA:61,0
DA:63,0
DA:65,0
LF:8
LH:4
BRF:0
BRH:0
end_of_record
TN:
SF:nodes/OvhCloud/actions/vps/resources/snapshot/update.operation.ts
FN:16,descriptionSnapshotUpdate
FN:66,executeSnapshotUpdate
FNF:2
FNH:1
FNDA:2,descriptionSnapshotUpdate
FNDA:0,executeSnapshotUpdate
DA:8,2
DA:16,2
DA:17,2
DA:66,2
DA:69,0
DA:70,0
DA:71,0
DA:73,0
DA:77,0
LF:9
LH:4
BRF:0
BRH:0
end_of_record
TN:
SF:nodes/OvhCloud/actions/vps/resources/status/get.operation.ts
FN:10,description
FN:45,execute
FNF:2
FNH:1
FNDA:1,description
FNDA:0,execute
DA:8,3
DA:10,3
DA:11,1
DA:45,3
DA:46,0
DA:47,0
DA:48,0
DA:49,0
LF:8
LH:4
BRF:0
BRH:0
end_of_record
TN:
SF:nodes/OvhCloud/actions/vps/resources/tasks/get.operation.ts
FN:10,descriptionTasksGet
FN:54,executeTasksGet
FNF:2
FNH:1
FNDA:2,descriptionTasksGet
FNDA:0,executeTasksGet
DA:8,3
DA:10,3
DA:11,2
DA:54,3
DA:55,0
DA:56,0
DA:57,0
DA:59,0
DA:61,0
LF:9
LH:4
BRF:0
BRH:0
end_of_record
TN:
SF:nodes/OvhCloud/actions/vps/resources/tasks/list.operation.ts
FN:10,descriptionTasksList
FN:45,executeTasksList
FNF:2
FNH:1
FNDA:2,descriptionTasksList
FNDA:0,executeTasksList
DA:8,3
DA:10,3
DA:11,2
DA:45,3
DA:46,0
DA:47,0
DA:49,0
DA:51,0
LF:8
LH:4
BRF:0
BRH:0
end_of_record
TN:
SF:nodes/OvhCloud/actions/vps/resources/templates/get.operation.ts
FN:10,descriptionTemplatesGet
FN:54,executeTemplatesGet
FNF:2
FNH:1
FNDA:2,descriptionTemplatesGet
FNDA:0,executeTemplatesGet
DA:8,3
DA:10,3
DA:11,2
DA:54,3
DA:55,0
DA:56,0
DA:57,0
DA:59,0
DA:61,0
LF:9
LH:4
BRF:0
BRH:0
end_of_record
TN:
SF:nodes/OvhCloud/actions/vps/resources/templates/getSoftware.operation.ts
FN:10,descriptionTemplatesGetSoftware
FN:63,executeTemplatesGetSoftware
FNF:2
FNH:1
FNDA:2,descriptionTemplatesGetSoftware
FNDA:0,executeTemplatesGetSoftware
DA:8,3
DA:10,3
DA:11,2
DA:63,3
DA:64,0
DA:65,0
DA:66,0
DA:67,0
DA:69,0
DA:71,0
LF:10
LH:4
BRF:0
BRH:0
end_of_record
TN:
SF:nodes/OvhCloud/actions/vps/resources/templates/list.operation.ts
FN:10,descriptionTemplatesList
FN:45,executeTemplatesList
FNF:2
FNH:1
FNDA:2,descriptionTemplatesList
FNDA:0,executeTemplatesList
DA:8,3
DA:10,3
DA:11,2
DA:45,3
DA:46,0
DA:47,0
DA:49,0
DA:51,0
LF:8
LH:4
BRF:0
BRH:0
end_of_record
TN:
SF:nodes/OvhCloud/actions/vps/resources/templates/listSoftware.operation.ts
FN:10,descriptionTemplatesListSoftware
FN:54,executeTemplatesListSoftware
FNF:2
FNH:1
FNDA:2,descriptionTemplatesListSoftware
FNDA:0,executeTemplatesListSoftware
DA:8,3
DA:10,3
DA:11,2
DA:54,3
DA:55,0
DA:56,0
DA:57,0
DA:59,0
DA:61,0
LF:9
LH:4
BRF:0
BRH:0
end_of_record
TN:
SF:nodes/OvhCloud/actions/vps/resources/termination/request.operation.ts
FN:10,descriptionTerminationRequest
FN:45,executeTerminationRequest
FNF:2
FNH:1
FNDA:1,descriptionTerminationRequest
FNDA:0,executeTerminationRequest
DA:8,3
DA:10,3
DA:11,1
DA:45,3
DA:46,0
DA:47,0
DA:49,0
DA:51,0
LF:8
LH:4
BRF:0
BRH:0
end_of_record
TN:
SF:nodes/OvhCloud/actions/vps/resources/veeam/deleteRestoredBackup.operation.ts
FN:10,descriptionVeeamDeleteRestoredBackup
FN:45,executeVeeamDeleteRestoredBackup
FNF:2
FNH:1
FNDA:2,descriptionVeeamDeleteRestoredBackup
FNDA:0,executeVeeamDeleteRestoredBackup
DA:8,3
DA:10,3
DA:11,2
DA:45,3
DA:46,0
DA:47,0
DA:49,0
DA:51,0
LF:8
LH:4
BRF:0
BRH:0
end_of_record
TN:
SF:nodes/OvhCloud/actions/vps/resources/veeam/get.operation.ts
FN:10,descriptionVeeamGet
FN:45,executeVeeamGet
FNF:2
FNH:1
FNDA:2,descriptionVeeamGet
FNDA:0,executeVeeamGet
DA:8,3
DA:10,3
DA:11,2
DA:45,3
DA:46,0
DA:47,0
DA:49,0
DA:51,0
LF:8
LH:4
BRF:0
BRH:0
end_of_record
TN:
SF:nodes/OvhCloud/actions/vps/resources/veeam/getRestorePoint.operation.ts
FN:10,descriptionVeeamGetRestorePoint
FN:54,executeVeeamGetRestorePoint
FNF:2
FNH:1
FNDA:2,descriptionVeeamGetRestorePoint
FNDA:0,executeVeeamGetRestorePoint
DA:8,3
DA:10,3
DA:11,2
DA:54,3
DA:55,0
DA:56,0
DA:57,0
DA:59,0
DA:61,0
LF:9
LH:4
BRF:0
BRH:0
end_of_record
TN:
SF:nodes/OvhCloud/actions/vps/resources/veeam/getRestoredBackup.operation.ts
FN:10,descriptionVeeamGetRestoredBackup
FN:45,executeVeeamGetRestoredBackup
FNF:2
FNH:1
FNDA:2,descriptionVeeamGetRestoredBackup
FNDA:0,executeVeeamGetRestoredBackup
DA:8,3
DA:10,3
DA:11,2
DA:45,3
DA:46,0
DA:47,0
DA:49,0
DA:51,0
LF:8
LH:4
BRF:0
BRH:0
end_of_record
TN:
SF:nodes/OvhCloud/actions/vps/resources/veeam/listRestorePoints.operation.ts
FN:10,descriptionVeeamListRestorePoints
FN:45,executeVeeamListRestorePoints
FNF:2
FNH:1
FNDA:2,descriptionVeeamListRestorePoints
FNDA:0,executeVeeamListRestorePoints
DA:8,3
DA:10,3
DA:11,2
DA:45,3
DA:46,0
DA:47,0
DA:49,0
DA:51,0
LF:8
LH:4
BRF:0
BRH:0
end_of_record
TN:
SF:nodes/OvhCloud/actions/vps/resources/veeam/restoreRestorePoint.operation.ts
FN:10,descriptionVeeamRestoreRestorePoint
FN:54,executeVeeamRestoreRestorePoint
FNF:2
FNH:1
FNDA:2,descriptionVeeamRestoreRestorePoint
FNDA:0,executeVeeamRestoreRestorePoint
DA:8,3
DA:10,3
DA:11,2
DA:54,3
DA:55,0
DA:56,0
DA:57,0
DA:59,0
DA:61,0
LF:9
LH:4
BRF:0
BRH:0
end_of_record
TN:
SF:nodes/OvhCloud/transport/ApiClient.ts
FN:31,(anonymous_0)
FNF:1
FNH:1
FNDA:20,(anonymous_0)
DA:31,25
LF:1
LH:1
BRF:0
BRH:0
end_of_record
TN:
SF:nodes/OvhCloud/transport/ApiClientImpl.ts
FN:52,(anonymous_0)
FN:62,(anonymous_1)
FN:76,(anonymous_2)
FN:97,(anonymous_3)
FN:119,(anonymous_4)
FN:140,(anonymous_5)
FNF:6
FNH:6
FNDA:35,(anonymous_0)
FNDA:34,(anonymous_1)
FNDA:11,(anonymous_2)
FNDA:11,(anonymous_3)
FNDA:6,(anonymous_4)
FNDA:6,(anonymous_5)
DA:3,5
DA:42,5
DA:53,35
DA:63,34
DA:64,33
DA:81,11
DA:82,10
DA:103,11
DA:104,11
DA:125,6
DA:126,6
DA:145,6
DA:146,6
LF:13
LH:13
BRF:0
BRH:0
end_of_record
TN:
SF:nodes/OvhCloud/transport/CredentialHolder.ts
FN:68,(anonymous_0)
FN:99,(anonymous_1)
FNF:2
FNH:2
FNDA:69,(anonymous_0)
FNDA:70,(anonymous_1)
DA:1,6
DA:56,6
DA:69,69
DA:70,69
DA:71,69
DA:72,69
DA:73,69
DA:74,278
DA:78,2
DA:100,70
DA:101,70
DA:102,70
DA:103,70
DA:104,70
DA:105,70
DA:107,70
DA:110,70
DA:111,70
DA:113,70
DA:114,70
DA:115,70
DA:116,70
DA:117,70
DA:120,70
LF:24
LH:24
BRDA:74,0,0,2
BRDA:74,0,1,276
BRDA:75,1,0,278
BRDA:75,1,1,278
BRDA:101,2,0,62
BRDA:101,3,0,69
BRDA:104,4,0,7
BRDA:104,4,1,63
BRDA:105,5,0,70
BRDA:105,5,1,1
BRDA:107,6,0,22
BRDA:107,6,1,48
BRDA:109,7,0,48
BRDA:109,7,1,47
BRF:14
BRH:14
end_of_record
